GAS LISTING C:\Users\thoma\AppData\Local\Temp\ccs0tVqC.s 			page 1


   1              		.file	"shellbt.c"
   2              		.section	".text","axv"
   3              	.Ltext0:
   4              		.cfi_sections	.debug_frame
   5              		.section	.text.chprintf.constprop.0,"axv",@progbits
   6              		.align 1
   7              		.p2align 4,,15
   8              		.type	chprintf.constprop.0, @function
   9              	chprintf.constprop.0:
  10              	.LFB47:
  11              		.file 1 "./components/chibios_rt_portable_output_formatter_component/lib/include/chprintf.h"
  12              		.loc 1 69 0
  13              		.cfi_startproc
  14              	.LVL0:
  15 0000 182106D0 		e_stwu %r1,-48(%r1)
  16              	.LCFI0:
  17              		.cfi_def_cfa_offset 48
  18 0004 0080     		se_mflr %r0
  19 0006 D651     		se_stw %r5,24(%r1)
  20 0008 DD01     		se_stw %r0,52(%r1)
  21              		.cfi_offset 65, 4
  22              		.loc 1 69 0
  23 000a 55210028 		e_stw %r9,40(%r1)
  24 000e D761     		se_stw %r6,28(%r1)
  25 0010 D871     		se_stw %r7,32(%r1)
  26 0012 55010024 		e_stw %r8,36(%r1)
  27 0016 5541002C 		e_stw %r10,44(%r1)
  28              		.loc 1 72 0
  29 001a 71200002 		e_li %r9,2
  30              		.loc 1 73 0
  31 001e 18A18008 		e_addi %r5,%r1,8
  32              		.loc 1 72 0
  33 0022 35210008 		e_stb %r9,8(%r1)
  34              		.loc 1 73 0
  35 0026 7080E000 		e_lis %r4,.LC0@ha
  36              	.LVL1:
  37              		.loc 1 72 0
  38 002a 71200000 		e_li %r9,0
  39              		.loc 1 73 0
  40 002e 1C840000 		e_la %r4,.LC0@l(%r4)
  41              		.loc 1 72 0
  42 0032 35210009 		e_stb %r9,9(%r1)
  43 0036 19218038 		e_addi %r9,%r1,56
  44 003a 5521000C 		e_stw %r9,12(%r1)
  45 003e 19218010 		e_addi %r9,%r1,16
  46 0042 55210010 		e_stw %r9,16(%r1)
  47              		.loc 1 73 0
  48 0046 78000001 		e_bl chvprintf
  49              	.LVL2:
  50              		.loc 1 75 0
  51 004a CD01     		se_lwz %r0,52(%r1)
  52 004c 0090     		se_mtlr %r0
  53              		.cfi_restore 65
  54 004e 18218030 		e_addi %r1,%r1,48
  55              	.LCFI1:
  56              		.cfi_def_cfa_offset 0
  57 0052 0004     		se_blr
GAS LISTING C:\Users\thoma\AppData\Local\Temp\ccs0tVqC.s 			page 2


  58              		.cfi_endproc
  59              	.LFE47:
  60              		.size	chprintf.constprop.0, .-chprintf.constprop.0
  61              		.section	.text.ThreadGPS,"axv",@progbits
  62              		.align 1
  63              		.p2align 4,,15
  64              		.globl ThreadGPS
  65              		.type	ThreadGPS, @function
  66              	ThreadGPS:
  67              	.LFB46:
  68              		.file 2 "./source/shellbt.c"
  69              		.loc 2 34 0
  70              		.cfi_startproc
  71              	.LVL3:
  72 0000 182106E8 		e_stwu %r1,-24(%r1)
  73              	.LCFI2:
  74              		.cfi_def_cfa_offset 24
  75              		.loc 2 38 0
  76 0004 7120E000 		e_lis %r9,rlist+24@ha
  77              		.loc 2 34 0
  78 0008 1B810908 		e_stmw %r28,8(%r1)
  79              		.loc 2 38 0
  80 000c 51090000 		e_lwz %r8,rlist+24@l(%r9)
  81              		.loc 2 34 0
  82 0010 0080     		se_mflr %r0
  83              		.cfi_offset 28, -16
  84              		.cfi_offset 29, -12
  85              		.cfi_offset 30, -8
  86              		.cfi_offset 31, -4
  87              		.cfi_register 65, 0
  88              		.loc 2 40 0
  89 0012 73C0E000 		e_lis %r30,.LANCHOR0@ha
  90              		.loc 2 34 0
  91 0016 D701     		se_stw %r0,28(%r1)
  92              		.cfi_offset 65, 4
  93              		.loc 2 40 0
  94 0018 313E0000 		e_lbz %r9,.LANCHOR0@l(%r30)
  95              		.loc 2 38 0
  96 001c 7140E000 		e_lis %r10,.LC1@ha
  97              		.loc 2 34 0
  98 0020 013C     		se_mr %r28,%r3
  99              		.loc 2 38 0
 100 0022 1D4A0000 		e_la %r10,.LC1@l(%r10)
 101              		.loc 2 40 0
 102 0026 1829A800 		e_cmpi %cr1,%r9,0
 103              		.loc 2 38 0
 104 002a 55480018 		e_stw %r10,24(%r8)
 105              		.loc 2 40 0
 106 002e 7A160030 		e_beq %cr1,.L4
 107 0032 73A0E000 		e_lis %r29,.LC0@ha
 108 0036 480F     		se_li %r31,0
 109 0038 1FBD0000 		e_la %r29,.LC0@l(%r29)
 110 003c 1FDE0000 		e_la %r30,.LANCHOR0@l(%r30)
 111              	.LVL4:
 112              	.L3:
 113              		.loc 2 41 0
 114 0040 01F5     		se_mr %r5,%r31
GAS LISTING C:\Users\thoma\AppData\Local\Temp\ccs0tVqC.s 			page 3


 115 0042 01C3     		se_mr %r3,%r28
 116 0044 01D4     		se_mr %r4,%r29
 117              		.loc 2 43 0
 118 0046 200F     		se_addi %r31,1
 119              	.LVL5:
 120              		.loc 2 41 0
 121 0048 78000001 		e_bl chprintf.constprop.0
 122              	.LVL6:
 123              		.loc 2 44 0
 124 004c 4E43     		se_li %r3,100
 125 004e 78000001 		e_bl chThdSleep
 126              	.LVL7:
 127              		.loc 2 40 0
 128 0052 313E0000 		e_lbz %r9,0(%r30)
 129 0056 1829A800 		e_cmpi %cr1,%r9,0
 130 005a 7A06FFE6 		e_bne %cr1,.L3
 131              	.LVL8:
 132              	.L4:
 133              		.loc 2 47 0
 134 005e 4803     		se_li %r3,0
 135 0060 78000001 		e_bl chThdExit
 136              	.LVL9:
 137              		.loc 2 50 0
 138 0064 C701     		se_lwz %r0,28(%r1)
 139 0066 0090     		se_mtlr %r0
 140              		.cfi_restore 65
 141 0068 1B810808 		e_lmw %r28,8(%r1)
 142              	.LVL10:
 143 006c 4803     		se_li %r3,0
 144 006e 2171     		se_addi %r1,24
 145              	.LCFI3:
 146              		.cfi_restore 31
 147              		.cfi_restore 30
 148              		.cfi_restore 29
 149              		.cfi_restore 28
 150              		.cfi_def_cfa_offset 0
 151 0070 0004     		se_blr
 152              		.cfi_endproc
 153              	.LFE46:
 154              		.size	ThreadGPS, .-ThreadGPS
 155              		.globl shell_commands_car
 156              		.globl waThreadGPS
 157              		.globl bGpsRunning
 158              		.globl tpgps
 159              		.section	.bss.bGpsRunning,"aw",@nobits
 160              		.set	.LANCHOR0,. + 0
 161              		.type	bGpsRunning, @object
 162              		.size	bGpsRunning, 1
 163              	bGpsRunning:
 164 0000 00       		.zero	1
 165              		.section	.rodata.shell_commands_car,"a",@progbits
 166              		.align 2
 167              		.type	shell_commands_car, @object
 168              		.size	shell_commands_car, 80
 169              	shell_commands_car:
 170 0000 00000000 		.long	.LC2
 171 0004 00000000 		.long	startgps
GAS LISTING C:\Users\thoma\AppData\Local\Temp\ccs0tVqC.s 			page 4


 172 0008 00000000 		.long	.LC3
 173 000c 00000000 		.long	stopgps
 174 0010 00000000 		.long	.LC4
 175 0014 00000000 		.long	speed
 176 0018 00000000 		.long	.LC5
 177 001c 00000000 		.long	drive
 178 0020 00000000 		.long	.LC6
 179 0024 00000000 		.long	turn
 180 0028 00000000 		.long	.LC7
 181 002c 00000000 		.long	blink
 182 0030 00000000 		.long	.LC8
 183 0034 00000000 		.long	lightBlue
 184 0038 00000000 		.long	.LC9
 185 003c 00000000 		.long	startdemo
 186 0040 00000000 		.long	.LC10
 187 0044 00000000 		.long	stopdemo
 188 0048 00000000 		.long	0
 189 004c 00000000 		.long	0
 190              		.section	.rodata.str1.4,"aMS",@progbits,1
 191              		.align 2
 192              	.LC0:
 193 0000 24475047 		.string	"$GPGGA,162431.531,%d,N,07602.498,W,0,00,,,M,,M,,*51\r\n"
 193      47412C31 
 193      36323433 
 193      312E3533 
 193      312C2564 
 194 0036 0000     		.zero	2
 195              	.LC1:
 196 0038 54687265 		.string	"ThreadGPS"
 196      61644750 
 196      5300
 197 0042 0000     		.zero	2
 198              	.LC2:
 199 0044 73746172 		.string	"startgps"
 199      74677073 
 199      00
 200 004d 000000   		.zero	3
 201              	.LC3:
 202 0050 73746F70 		.string	"stopgps"
 202      67707300 
 203              	.LC4:
 204 0058 73706565 		.string	"speed"
 204      6400
 205 005e 0000     		.zero	2
 206              	.LC5:
 207 0060 64726976 		.string	"drive"
 207      6500
 208 0066 0000     		.zero	2
 209              	.LC6:
 210 0068 7475726E 		.string	"turn"
 210      00
 211 006d 000000   		.zero	3
 212              	.LC7:
 213 0070 626C696E 		.string	"blink"
 213      6B00
 214 0076 0000     		.zero	2
 215              	.LC8:
GAS LISTING C:\Users\thoma\AppData\Local\Temp\ccs0tVqC.s 			page 5


 216 0078 6C696768 		.string	"lightBlue"
 216      74426C75 
 216      6500
 217 0082 0000     		.zero	2
 218              	.LC9:
 219 0084 73746172 		.string	"startdemo"
 219      7464656D 
 219      6F00
 220 008e 0000     		.zero	2
 221              	.LC10:
 222 0090 73746F70 		.string	"stopdemo"
 222      64656D6F 
 222      00
 223              		.section	.bss.waThreadGPS,"aw",@nobits
 224              		.align 3
 225              		.type	waThreadGPS, @object
 226              		.size	waThreadGPS, 616
 227              	waThreadGPS:
 228 0000 00000000 		.zero	616
 228      00000000 
 228      00000000 
 228      00000000 
 228      00000000 
 229              		.section	.bss.tpgps,"aw",@nobits
 230              		.align 2
 231              		.type	tpgps, @object
 232              		.size	tpgps, 4
 233              	tpgps:
 234 0000 00000000 		.zero	4
 235              		.section	".text","axv"
 236              	.Letext0:
 237              		.file 3 "c:\\spc5studio\\eclipse\\plugins\\com.st.tools.spc5.tools.gnu.gcc.ppcvle.win32_1.0.0.2016
 238              		.file 4 "c:\\spc5studio\\eclipse\\plugins\\com.st.tools.spc5.tools.gnu.gcc.ppcvle.win32_1.0.0.2016
 239              		.file 5 "c:\\spc5studio\\eclipse\\plugins\\com.st.tools.spc5.tools.gnu.gcc.ppcvle.win32_1.0.0.2016
 240              		.file 6 "./components/chibios_rt_spc560dxx_kernel_port_component/lib/include/chtypes.h"
 241              		.file 7 "./components/chibios_rt_portable_kernel_component/lib/include/chlists.h"
 242              		.file 8 "./components/chibios_rt_portable_kernel_component/lib/include/chthreads.h"
 243              		.file 9 "./components/chibios_rt_spc560dxx_kernel_port_component/lib/include/chcore.h"
 244              		.file 10 "./components/chibios_rt_portable_kernel_component/lib/include/chvt.h"
 245              		.file 11 "./components/chibios_rt_portable_kernel_component/lib/include/chschd.h"
 246              		.file 12 "./components/chibios_rt_portable_kernel_component/lib/include/chmtx.h"
 247              		.file 13 "./components/chibios_rt_portable_kernel_component/lib/include/chstreams.h"
 248              		.file 14 "./components/chibios_rt_portable_mini_shell_component/lib/include/shell.h"
 249              		.file 15 "c:\\spc5studio\\eclipse\\plugins\\com.st.tools.spc5.tools.gnu.gcc.ppcvle.win32_1.0.0.201
 250              		.file 16 "<built-in>"
 251              		.section	.debug_info,"",@progbits
 252              	.Ldebug_info0:
 253 0000 000009B4 		.4byte	0x9b4
 254 0004 0002     		.2byte	0x2
 255 0006 00000000 		.4byte	.Ldebug_abbrev0
 256 000a 04       		.byte	0x4
 257 000b 01       		.uleb128 0x1
 258 000c 00000000 		.4byte	.LASF101
 259 0010 01       		.byte	0x1
 260 0011 00000000 		.4byte	.LASF102
 261 0015 00000000 		.4byte	.LASF103
 262 0019 00000000 		.4byte	.Ldebug_ranges0+0
GAS LISTING C:\Users\thoma\AppData\Local\Temp\ccs0tVqC.s 			page 6


 263 001d 00000000 		.4byte	0
 264 0021 00000000 		.4byte	0
 265 0025 00000000 		.4byte	.Ldebug_line0
 266 0029 02       		.uleb128 0x2
 267 002a 04       		.byte	0x4
 268 002b 05       		.byte	0x5
 269 002c 696E7400 		.string	"int"
 270 0030 03       		.uleb128 0x3
 271 0031 00000000 		.4byte	.LASF3
 272 0035 03       		.byte	0x3
 273 0036 D4       		.byte	0xd4
 274 0037 0000003B 		.4byte	0x3b
 275 003b 04       		.uleb128 0x4
 276 003c 04       		.byte	0x4
 277 003d 07       		.byte	0x7
 278 003e 00000000 		.4byte	.LASF0
 279 0042 04       		.uleb128 0x4
 280 0043 04       		.byte	0x4
 281 0044 05       		.byte	0x5
 282 0045 00000000 		.4byte	.LASF1
 283 0049 04       		.uleb128 0x4
 284 004a 01       		.byte	0x1
 285 004b 06       		.byte	0x6
 286 004c 00000000 		.4byte	.LASF2
 287 0050 03       		.uleb128 0x3
 288 0051 00000000 		.4byte	.LASF4
 289 0055 04       		.byte	0x4
 290 0056 1D       		.byte	0x1d
 291 0057 0000005B 		.4byte	0x5b
 292 005b 04       		.uleb128 0x4
 293 005c 01       		.byte	0x1
 294 005d 08       		.byte	0x8
 295 005e 00000000 		.4byte	.LASF5
 296 0062 04       		.uleb128 0x4
 297 0063 02       		.byte	0x2
 298 0064 05       		.byte	0x5
 299 0065 00000000 		.4byte	.LASF6
 300 0069 04       		.uleb128 0x4
 301 006a 02       		.byte	0x2
 302 006b 07       		.byte	0x7
 303 006c 00000000 		.4byte	.LASF7
 304 0070 03       		.uleb128 0x3
 305 0071 00000000 		.4byte	.LASF8
 306 0075 04       		.byte	0x4
 307 0076 3F       		.byte	0x3f
 308 0077 00000042 		.4byte	0x42
 309 007b 03       		.uleb128 0x3
 310 007c 00000000 		.4byte	.LASF9
 311 0080 04       		.byte	0x4
 312 0081 41       		.byte	0x41
 313 0082 00000086 		.4byte	0x86
 314 0086 04       		.uleb128 0x4
 315 0087 04       		.byte	0x4
 316 0088 07       		.byte	0x7
 317 0089 00000000 		.4byte	.LASF10
 318 008d 04       		.uleb128 0x4
 319 008e 08       		.byte	0x8
GAS LISTING C:\Users\thoma\AppData\Local\Temp\ccs0tVqC.s 			page 7


 320 008f 05       		.byte	0x5
 321 0090 00000000 		.4byte	.LASF11
 322 0094 04       		.uleb128 0x4
 323 0095 08       		.byte	0x8
 324 0096 07       		.byte	0x7
 325 0097 00000000 		.4byte	.LASF12
 326 009b 03       		.uleb128 0x3
 327 009c 00000000 		.4byte	.LASF13
 328 00a0 05       		.byte	0x5
 329 00a1 15       		.byte	0x15
 330 00a2 00000050 		.4byte	0x50
 331 00a6 03       		.uleb128 0x3
 332 00a7 00000000 		.4byte	.LASF14
 333 00ab 05       		.byte	0x5
 334 00ac 2C       		.byte	0x2c
 335 00ad 00000070 		.4byte	0x70
 336 00b1 03       		.uleb128 0x3
 337 00b2 00000000 		.4byte	.LASF15
 338 00b6 05       		.byte	0x5
 339 00b7 2D       		.byte	0x2d
 340 00b8 0000007B 		.4byte	0x7b
 341 00bc 03       		.uleb128 0x3
 342 00bd 00000000 		.4byte	.LASF16
 343 00c1 06       		.byte	0x6
 344 00c2 38       		.byte	0x38
 345 00c3 000000C7 		.4byte	0xc7
 346 00c7 04       		.uleb128 0x4
 347 00c8 01       		.byte	0x1
 348 00c9 02       		.byte	0x2
 349 00ca 00000000 		.4byte	.LASF17
 350 00ce 03       		.uleb128 0x3
 351 00cf 00000000 		.4byte	.LASF18
 352 00d3 06       		.byte	0x6
 353 00d4 39       		.byte	0x39
 354 00d5 0000009B 		.4byte	0x9b
 355 00d9 03       		.uleb128 0x3
 356 00da 00000000 		.4byte	.LASF19
 357 00de 06       		.byte	0x6
 358 00df 3A       		.byte	0x3a
 359 00e0 0000009B 		.4byte	0x9b
 360 00e4 03       		.uleb128 0x3
 361 00e5 00000000 		.4byte	.LASF20
 362 00e9 06       		.byte	0x6
 363 00ea 3B       		.byte	0x3b
 364 00eb 0000009B 		.4byte	0x9b
 365 00ef 03       		.uleb128 0x3
 366 00f0 00000000 		.4byte	.LASF21
 367 00f4 06       		.byte	0x6
 368 00f5 3C       		.byte	0x3c
 369 00f6 0000009B 		.4byte	0x9b
 370 00fa 03       		.uleb128 0x3
 371 00fb 00000000 		.4byte	.LASF22
 372 00ff 06       		.byte	0x6
 373 0100 3D       		.byte	0x3d
 374 0101 000000B1 		.4byte	0xb1
 375 0105 03       		.uleb128 0x3
 376 0106 00000000 		.4byte	.LASF23
GAS LISTING C:\Users\thoma\AppData\Local\Temp\ccs0tVqC.s 			page 8


 377 010a 06       		.byte	0x6
 378 010b 3E       		.byte	0x3e
 379 010c 000000A6 		.4byte	0xa6
 380 0110 03       		.uleb128 0x3
 381 0111 00000000 		.4byte	.LASF24
 382 0115 06       		.byte	0x6
 383 0116 40       		.byte	0x40
 384 0117 000000B1 		.4byte	0xb1
 385 011b 03       		.uleb128 0x3
 386 011c 00000000 		.4byte	.LASF25
 387 0120 06       		.byte	0x6
 388 0121 42       		.byte	0x42
 389 0122 000000B1 		.4byte	0xb1
 390 0126 03       		.uleb128 0x3
 391 0127 00000000 		.4byte	.LASF26
 392 012b 07       		.byte	0x7
 393 012c 2A       		.byte	0x2a
 394 012d 00000131 		.4byte	0x131
 395 0131 05       		.uleb128 0x5
 396 0132 00000000 		.4byte	.LASF26
 397 0136 48       		.byte	0x48
 398 0137 08       		.byte	0x8
 399 0138 5E       		.byte	0x5e
 400 0139 00000256 		.4byte	0x256
 401 013d 06       		.uleb128 0x6
 402 013e 00000000 		.4byte	.LASF27
 403 0142 08       		.byte	0x8
 404 0143 5F       		.byte	0x5f
 405 0144 0000027B 		.4byte	0x27b
 406 0148 02       		.byte	0x2
 407 0149 23       		.byte	0x23
 408 014a 00       		.uleb128 0
 409 014b 06       		.uleb128 0x6
 410 014c 00000000 		.4byte	.LASF28
 411 0150 08       		.byte	0x8
 412 0151 61       		.byte	0x61
 413 0152 0000027B 		.4byte	0x27b
 414 0156 02       		.byte	0x2
 415 0157 23       		.byte	0x23
 416 0158 04       		.uleb128 0x4
 417 0159 06       		.uleb128 0x6
 418 015a 00000000 		.4byte	.LASF29
 419 015e 08       		.byte	0x8
 420 015f 63       		.byte	0x63
 421 0160 000000FA 		.4byte	0xfa
 422 0164 02       		.byte	0x2
 423 0165 23       		.byte	0x23
 424 0166 08       		.uleb128 0x8
 425 0167 06       		.uleb128 0x6
 426 0168 00000000 		.4byte	.LASF30
 427 016c 08       		.byte	0x8
 428 016d 64       		.byte	0x64
 429 016e 00000416 		.4byte	0x416
 430 0172 02       		.byte	0x2
 431 0173 23       		.byte	0x23
 432 0174 0C       		.uleb128 0xc
 433 0175 06       		.uleb128 0x6
GAS LISTING C:\Users\thoma\AppData\Local\Temp\ccs0tVqC.s 			page 9


 434 0176 00000000 		.4byte	.LASF31
 435 017a 08       		.byte	0x8
 436 017b 66       		.byte	0x66
 437 017c 0000027B 		.4byte	0x27b
 438 0180 02       		.byte	0x2
 439 0181 23       		.byte	0x23
 440 0182 10       		.uleb128 0x10
 441 0183 06       		.uleb128 0x6
 442 0184 00000000 		.4byte	.LASF32
 443 0188 08       		.byte	0x8
 444 0189 67       		.byte	0x67
 445 018a 0000027B 		.4byte	0x27b
 446 018e 02       		.byte	0x2
 447 018f 23       		.byte	0x23
 448 0190 14       		.uleb128 0x14
 449 0191 06       		.uleb128 0x6
 450 0192 00000000 		.4byte	.LASF33
 451 0196 08       		.byte	0x8
 452 0197 6E       		.byte	0x6e
 453 0198 000005ED 		.4byte	0x5ed
 454 019c 02       		.byte	0x2
 455 019d 23       		.byte	0x23
 456 019e 18       		.uleb128 0x18
 457 019f 06       		.uleb128 0x6
 458 01a0 00000000 		.4byte	.LASF34
 459 01a4 08       		.byte	0x8
 460 01a5 79       		.byte	0x79
 461 01a6 000000D9 		.4byte	0xd9
 462 01aa 02       		.byte	0x2
 463 01ab 23       		.byte	0x23
 464 01ac 1C       		.uleb128 0x1c
 465 01ad 06       		.uleb128 0x6
 466 01ae 00000000 		.4byte	.LASF35
 467 01b2 08       		.byte	0x8
 468 01b3 7D       		.byte	0x7d
 469 01b4 000000CE 		.4byte	0xce
 470 01b8 02       		.byte	0x2
 471 01b9 23       		.byte	0x23
 472 01ba 1D       		.uleb128 0x1d
 473 01bb 06       		.uleb128 0x6
 474 01bc 00000000 		.4byte	.LASF36
 475 01c0 08       		.byte	0x8
 476 01c1 82       		.byte	0x82
 477 01c2 000000E4 		.4byte	0xe4
 478 01c6 02       		.byte	0x2
 479 01c7 23       		.byte	0x23
 480 01c8 1E       		.uleb128 0x1e
 481 01c9 06       		.uleb128 0x6
 482 01ca 00000000 		.4byte	.LASF37
 483 01ce 08       		.byte	0x8
 484 01cf 88       		.byte	0x88
 485 01d0 000000EF 		.4byte	0xef
 486 01d4 02       		.byte	0x2
 487 01d5 23       		.byte	0x23
 488 01d6 1F       		.uleb128 0x1f
 489 01d7 06       		.uleb128 0x6
 490 01d8 00000000 		.4byte	.LASF38
GAS LISTING C:\Users\thoma\AppData\Local\Temp\ccs0tVqC.s 			page 10


 491 01dc 08       		.byte	0x8
 492 01dd 8F       		.byte	0x8f
 493 01de 000004F8 		.4byte	0x4f8
 494 01e2 02       		.byte	0x2
 495 01e3 23       		.byte	0x23
 496 01e4 20       		.uleb128 0x20
 497 01e5 07       		.uleb128 0x7
 498 01e6 705F7500 		.string	"p_u"
 499 01ea 08       		.byte	0x8
 500 01eb B4       		.byte	0xb4
 501 01ec 000005B8 		.4byte	0x5b8
 502 01f0 02       		.byte	0x2
 503 01f1 23       		.byte	0x23
 504 01f2 24       		.uleb128 0x24
 505 01f3 06       		.uleb128 0x6
 506 01f4 00000000 		.4byte	.LASF39
 507 01f8 08       		.byte	0x8
 508 01f9 B9       		.byte	0xb9
 509 01fa 000002A3 		.4byte	0x2a3
 510 01fe 02       		.byte	0x2
 511 01ff 23       		.byte	0x23
 512 0200 28       		.uleb128 0x28
 513 0201 06       		.uleb128 0x6
 514 0202 00000000 		.4byte	.LASF40
 515 0206 08       		.byte	0x8
 516 0207 BF       		.byte	0xbf
 517 0208 00000281 		.4byte	0x281
 518 020c 02       		.byte	0x2
 519 020d 23       		.byte	0x23
 520 020e 2C       		.uleb128 0x2c
 521 020f 06       		.uleb128 0x6
 522 0210 00000000 		.4byte	.LASF41
 523 0214 08       		.byte	0x8
 524 0215 C3       		.byte	0xc3
 525 0216 00000105 		.4byte	0x105
 526 021a 02       		.byte	0x2
 527 021b 23       		.byte	0x23
 528 021c 34       		.uleb128 0x34
 529 021d 06       		.uleb128 0x6
 530 021e 00000000 		.4byte	.LASF42
 531 0222 08       		.byte	0x8
 532 0223 C9       		.byte	0xc9
 533 0224 00000110 		.4byte	0x110
 534 0228 02       		.byte	0x2
 535 0229 23       		.byte	0x23
 536 022a 38       		.uleb128 0x38
 537 022b 06       		.uleb128 0x6
 538 022c 00000000 		.4byte	.LASF43
 539 0230 08       		.byte	0x8
 540 0231 D0       		.byte	0xd0
 541 0232 000005FF 		.4byte	0x5ff
 542 0236 02       		.byte	0x2
 543 0237 23       		.byte	0x23
 544 0238 3C       		.uleb128 0x3c
 545 0239 06       		.uleb128 0x6
 546 023a 00000000 		.4byte	.LASF44
 547 023e 08       		.byte	0x8
GAS LISTING C:\Users\thoma\AppData\Local\Temp\ccs0tVqC.s 			page 11


 548 023f D4       		.byte	0xd4
 549 0240 000000FA 		.4byte	0xfa
 550 0244 02       		.byte	0x2
 551 0245 23       		.byte	0x23
 552 0246 40       		.uleb128 0x40
 553 0247 06       		.uleb128 0x6
 554 0248 00000000 		.4byte	.LASF45
 555 024c 08       		.byte	0x8
 556 024d DA       		.byte	0xda
 557 024e 000002F0 		.4byte	0x2f0
 558 0252 02       		.byte	0x2
 559 0253 23       		.byte	0x23
 560 0254 44       		.uleb128 0x44
 561 0255 00       		.byte	0
 562 0256 08       		.uleb128 0x8
 563 0257 08       		.byte	0x8
 564 0258 07       		.byte	0x7
 565 0259 61       		.byte	0x61
 566 025a 0000027B 		.4byte	0x27b
 567 025e 06       		.uleb128 0x6
 568 025f 00000000 		.4byte	.LASF27
 569 0263 07       		.byte	0x7
 570 0264 62       		.byte	0x62
 571 0265 0000027B 		.4byte	0x27b
 572 0269 02       		.byte	0x2
 573 026a 23       		.byte	0x23
 574 026b 00       		.uleb128 0
 575 026c 06       		.uleb128 0x6
 576 026d 00000000 		.4byte	.LASF28
 577 0271 07       		.byte	0x7
 578 0272 64       		.byte	0x64
 579 0273 0000027B 		.4byte	0x27b
 580 0277 02       		.byte	0x2
 581 0278 23       		.byte	0x23
 582 0279 04       		.uleb128 0x4
 583 027a 00       		.byte	0
 584 027b 09       		.uleb128 0x9
 585 027c 04       		.byte	0x4
 586 027d 00000126 		.4byte	0x126
 587 0281 03       		.uleb128 0x3
 588 0282 00000000 		.4byte	.LASF46
 589 0286 07       		.byte	0x7
 590 0287 66       		.byte	0x66
 591 0288 00000256 		.4byte	0x256
 592 028c 08       		.uleb128 0x8
 593 028d 04       		.byte	0x4
 594 028e 07       		.byte	0x7
 595 028f 6B       		.byte	0x6b
 596 0290 000002A3 		.4byte	0x2a3
 597 0294 06       		.uleb128 0x6
 598 0295 00000000 		.4byte	.LASF27
 599 0299 07       		.byte	0x7
 600 029a 6D       		.byte	0x6d
 601 029b 0000027B 		.4byte	0x27b
 602 029f 02       		.byte	0x2
 603 02a0 23       		.byte	0x23
 604 02a1 00       		.uleb128 0
GAS LISTING C:\Users\thoma\AppData\Local\Temp\ccs0tVqC.s 			page 12


 605 02a2 00       		.byte	0
 606 02a3 03       		.uleb128 0x3
 607 02a4 00000000 		.4byte	.LASF47
 608 02a8 07       		.byte	0x7
 609 02a9 70       		.byte	0x70
 610 02aa 0000028C 		.4byte	0x28c
 611 02ae 08       		.uleb128 0x8
 612 02af 08       		.byte	0x8
 613 02b0 09       		.byte	0x9
 614 02b1 9C       		.byte	0x9c
 615 02b2 000002C3 		.4byte	0x2c3
 616 02b6 07       		.uleb128 0x7
 617 02b7 6100     		.string	"a"
 618 02b9 09       		.byte	0x9
 619 02ba 9D       		.byte	0x9d
 620 02bb 000002C3 		.4byte	0x2c3
 621 02bf 02       		.byte	0x2
 622 02c0 23       		.byte	0x23
 623 02c1 00       		.uleb128 0
 624 02c2 00       		.byte	0
 625 02c3 0A       		.uleb128 0xa
 626 02c4 0000009B 		.4byte	0x9b
 627 02c8 000002D3 		.4byte	0x2d3
 628 02cc 0B       		.uleb128 0xb
 629 02cd 000002D3 		.4byte	0x2d3
 630 02d1 07       		.byte	0x7
 631 02d2 00       		.byte	0
 632 02d3 04       		.uleb128 0x4
 633 02d4 04       		.byte	0x4
 634 02d5 07       		.byte	0x7
 635 02d6 00000000 		.4byte	.LASF48
 636 02da 03       		.uleb128 0x3
 637 02db 00000000 		.4byte	.LASF49
 638 02df 09       		.byte	0x9
 639 02e0 9E       		.byte	0x9e
 640 02e1 000002AE 		.4byte	0x2ae
 641 02e5 03       		.uleb128 0x3
 642 02e6 00000000 		.4byte	.LASF50
 643 02ea 09       		.byte	0x9
 644 02eb A3       		.byte	0xa3
 645 02ec 000002F0 		.4byte	0x2f0
 646 02f0 0C       		.uleb128 0xc
 647 02f1 04       		.byte	0x4
 648 02f2 05       		.uleb128 0x5
 649 02f3 00000000 		.4byte	.LASF51
 650 02f7 50       		.byte	0x50
 651 02f8 09       		.byte	0x9
 652 02f9 D6       		.byte	0xd6
 653 02fa 00000416 		.4byte	0x416
 654 02fe 07       		.uleb128 0x7
 655 02ff 637200   		.string	"cr"
 656 0302 09       		.byte	0x9
 657 0303 D7       		.byte	0xd7
 658 0304 000002E5 		.4byte	0x2e5
 659 0308 02       		.byte	0x2
 660 0309 23       		.byte	0x23
 661 030a 00       		.uleb128 0
GAS LISTING C:\Users\thoma\AppData\Local\Temp\ccs0tVqC.s 			page 13


 662 030b 07       		.uleb128 0x7
 663 030c 72313400 		.string	"r14"
 664 0310 09       		.byte	0x9
 665 0311 D8       		.byte	0xd8
 666 0312 000002E5 		.4byte	0x2e5
 667 0316 02       		.byte	0x2
 668 0317 23       		.byte	0x23
 669 0318 04       		.uleb128 0x4
 670 0319 07       		.uleb128 0x7
 671 031a 72313500 		.string	"r15"
 672 031e 09       		.byte	0x9
 673 031f D9       		.byte	0xd9
 674 0320 000002E5 		.4byte	0x2e5
 675 0324 02       		.byte	0x2
 676 0325 23       		.byte	0x23
 677 0326 08       		.uleb128 0x8
 678 0327 07       		.uleb128 0x7
 679 0328 72313600 		.string	"r16"
 680 032c 09       		.byte	0x9
 681 032d DA       		.byte	0xda
 682 032e 000002E5 		.4byte	0x2e5
 683 0332 02       		.byte	0x2
 684 0333 23       		.byte	0x23
 685 0334 0C       		.uleb128 0xc
 686 0335 07       		.uleb128 0x7
 687 0336 72313700 		.string	"r17"
 688 033a 09       		.byte	0x9
 689 033b DB       		.byte	0xdb
 690 033c 000002E5 		.4byte	0x2e5
 691 0340 02       		.byte	0x2
 692 0341 23       		.byte	0x23
 693 0342 10       		.uleb128 0x10
 694 0343 07       		.uleb128 0x7
 695 0344 72313800 		.string	"r18"
 696 0348 09       		.byte	0x9
 697 0349 DC       		.byte	0xdc
 698 034a 000002E5 		.4byte	0x2e5
 699 034e 02       		.byte	0x2
 700 034f 23       		.byte	0x23
 701 0350 14       		.uleb128 0x14
 702 0351 07       		.uleb128 0x7
 703 0352 72313900 		.string	"r19"
 704 0356 09       		.byte	0x9
 705 0357 DD       		.byte	0xdd
 706 0358 000002E5 		.4byte	0x2e5
 707 035c 02       		.byte	0x2
 708 035d 23       		.byte	0x23
 709 035e 18       		.uleb128 0x18
 710 035f 07       		.uleb128 0x7
 711 0360 72323000 		.string	"r20"
 712 0364 09       		.byte	0x9
 713 0365 DE       		.byte	0xde
 714 0366 000002E5 		.4byte	0x2e5
 715 036a 02       		.byte	0x2
 716 036b 23       		.byte	0x23
 717 036c 1C       		.uleb128 0x1c
 718 036d 07       		.uleb128 0x7
GAS LISTING C:\Users\thoma\AppData\Local\Temp\ccs0tVqC.s 			page 14


 719 036e 72323100 		.string	"r21"
 720 0372 09       		.byte	0x9
 721 0373 DF       		.byte	0xdf
 722 0374 000002E5 		.4byte	0x2e5
 723 0378 02       		.byte	0x2
 724 0379 23       		.byte	0x23
 725 037a 20       		.uleb128 0x20
 726 037b 07       		.uleb128 0x7
 727 037c 72323200 		.string	"r22"
 728 0380 09       		.byte	0x9
 729 0381 E0       		.byte	0xe0
 730 0382 000002E5 		.4byte	0x2e5
 731 0386 02       		.byte	0x2
 732 0387 23       		.byte	0x23
 733 0388 24       		.uleb128 0x24
 734 0389 07       		.uleb128 0x7
 735 038a 72323300 		.string	"r23"
 736 038e 09       		.byte	0x9
 737 038f E1       		.byte	0xe1
 738 0390 000002E5 		.4byte	0x2e5
 739 0394 02       		.byte	0x2
 740 0395 23       		.byte	0x23
 741 0396 28       		.uleb128 0x28
 742 0397 07       		.uleb128 0x7
 743 0398 72323400 		.string	"r24"
 744 039c 09       		.byte	0x9
 745 039d E2       		.byte	0xe2
 746 039e 000002E5 		.4byte	0x2e5
 747 03a2 02       		.byte	0x2
 748 03a3 23       		.byte	0x23
 749 03a4 2C       		.uleb128 0x2c
 750 03a5 07       		.uleb128 0x7
 751 03a6 72323500 		.string	"r25"
 752 03aa 09       		.byte	0x9
 753 03ab E3       		.byte	0xe3
 754 03ac 000002E5 		.4byte	0x2e5
 755 03b0 02       		.byte	0x2
 756 03b1 23       		.byte	0x23
 757 03b2 30       		.uleb128 0x30
 758 03b3 07       		.uleb128 0x7
 759 03b4 72323600 		.string	"r26"
 760 03b8 09       		.byte	0x9
 761 03b9 E4       		.byte	0xe4
 762 03ba 000002E5 		.4byte	0x2e5
 763 03be 02       		.byte	0x2
 764 03bf 23       		.byte	0x23
 765 03c0 34       		.uleb128 0x34
 766 03c1 07       		.uleb128 0x7
 767 03c2 72323700 		.string	"r27"
 768 03c6 09       		.byte	0x9
 769 03c7 E5       		.byte	0xe5
 770 03c8 000002E5 		.4byte	0x2e5
 771 03cc 02       		.byte	0x2
 772 03cd 23       		.byte	0x23
 773 03ce 38       		.uleb128 0x38
 774 03cf 07       		.uleb128 0x7
 775 03d0 72323800 		.string	"r28"
GAS LISTING C:\Users\thoma\AppData\Local\Temp\ccs0tVqC.s 			page 15


 776 03d4 09       		.byte	0x9
 777 03d5 E6       		.byte	0xe6
 778 03d6 000002E5 		.4byte	0x2e5
 779 03da 02       		.byte	0x2
 780 03db 23       		.byte	0x23
 781 03dc 3C       		.uleb128 0x3c
 782 03dd 07       		.uleb128 0x7
 783 03de 72323900 		.string	"r29"
 784 03e2 09       		.byte	0x9
 785 03e3 E7       		.byte	0xe7
 786 03e4 000002E5 		.4byte	0x2e5
 787 03e8 02       		.byte	0x2
 788 03e9 23       		.byte	0x23
 789 03ea 40       		.uleb128 0x40
 790 03eb 07       		.uleb128 0x7
 791 03ec 72333000 		.string	"r30"
 792 03f0 09       		.byte	0x9
 793 03f1 E8       		.byte	0xe8
 794 03f2 000002E5 		.4byte	0x2e5
 795 03f6 02       		.byte	0x2
 796 03f7 23       		.byte	0x23
 797 03f8 44       		.uleb128 0x44
 798 03f9 07       		.uleb128 0x7
 799 03fa 72333100 		.string	"r31"
 800 03fe 09       		.byte	0x9
 801 03ff E9       		.byte	0xe9
 802 0400 000002E5 		.4byte	0x2e5
 803 0404 02       		.byte	0x2
 804 0405 23       		.byte	0x23
 805 0406 48       		.uleb128 0x48
 806 0407 06       		.uleb128 0x6
 807 0408 00000000 		.4byte	.LASF52
 808 040c 09       		.byte	0x9
 809 040d EA       		.byte	0xea
 810 040e 000002E5 		.4byte	0x2e5
 811 0412 02       		.byte	0x2
 812 0413 23       		.byte	0x23
 813 0414 4C       		.uleb128 0x4c
 814 0415 00       		.byte	0
 815 0416 05       		.uleb128 0x5
 816 0417 00000000 		.4byte	.LASF53
 817 041b 04       		.byte	0x4
 818 041c 09       		.byte	0x9
 819 041d F2       		.byte	0xf2
 820 041e 00000430 		.4byte	0x430
 821 0422 07       		.uleb128 0x7
 822 0423 737000   		.string	"sp"
 823 0426 09       		.byte	0x9
 824 0427 F3       		.byte	0xf3
 825 0428 00000430 		.4byte	0x430
 826 042c 02       		.byte	0x2
 827 042d 23       		.byte	0x23
 828 042e 00       		.uleb128 0
 829 042f 00       		.byte	0
 830 0430 09       		.uleb128 0x9
 831 0431 04       		.byte	0x4
 832 0432 000002F2 		.4byte	0x2f2
GAS LISTING C:\Users\thoma\AppData\Local\Temp\ccs0tVqC.s 			page 16


 833 0436 03       		.uleb128 0x3
 834 0437 00000000 		.4byte	.LASF54
 835 043b 0A       		.byte	0xa
 836 043c 58       		.byte	0x58
 837 043d 00000441 		.4byte	0x441
 838 0441 09       		.uleb128 0x9
 839 0442 04       		.byte	0x4
 840 0443 00000447 		.4byte	0x447
 841 0447 0D       		.uleb128 0xd
 842 0448 01       		.byte	0x1
 843 0449 00000453 		.4byte	0x453
 844 044d 0E       		.uleb128 0xe
 845 044e 000002F0 		.4byte	0x2f0
 846 0452 00       		.byte	0
 847 0453 03       		.uleb128 0x3
 848 0454 00000000 		.4byte	.LASF55
 849 0458 0A       		.byte	0xa
 850 0459 5D       		.byte	0x5d
 851 045a 0000045E 		.4byte	0x45e
 852 045e 05       		.uleb128 0x5
 853 045f 00000000 		.4byte	.LASF55
 854 0463 14       		.byte	0x14
 855 0464 0A       		.byte	0xa
 856 0465 64       		.byte	0x64
 857 0466 000004B1 		.4byte	0x4b1
 858 046a 06       		.uleb128 0x6
 859 046b 00000000 		.4byte	.LASF56
 860 046f 0A       		.byte	0xa
 861 0470 65       		.byte	0x65
 862 0471 000004B1 		.4byte	0x4b1
 863 0475 02       		.byte	0x2
 864 0476 23       		.byte	0x23
 865 0477 00       		.uleb128 0
 866 0478 06       		.uleb128 0x6
 867 0479 00000000 		.4byte	.LASF57
 868 047d 0A       		.byte	0xa
 869 047e 67       		.byte	0x67
 870 047f 000004B1 		.4byte	0x4b1
 871 0483 02       		.byte	0x2
 872 0484 23       		.byte	0x23
 873 0485 04       		.uleb128 0x4
 874 0486 06       		.uleb128 0x6
 875 0487 00000000 		.4byte	.LASF58
 876 048b 0A       		.byte	0xa
 877 048c 69       		.byte	0x69
 878 048d 0000011B 		.4byte	0x11b
 879 0491 02       		.byte	0x2
 880 0492 23       		.byte	0x23
 881 0493 08       		.uleb128 0x8
 882 0494 06       		.uleb128 0x6
 883 0495 00000000 		.4byte	.LASF59
 884 0499 0A       		.byte	0xa
 885 049a 6A       		.byte	0x6a
 886 049b 00000436 		.4byte	0x436
 887 049f 02       		.byte	0x2
 888 04a0 23       		.byte	0x23
 889 04a1 0C       		.uleb128 0xc
GAS LISTING C:\Users\thoma\AppData\Local\Temp\ccs0tVqC.s 			page 17


 890 04a2 06       		.uleb128 0x6
 891 04a3 00000000 		.4byte	.LASF60
 892 04a7 0A       		.byte	0xa
 893 04a8 6C       		.byte	0x6c
 894 04a9 000002F0 		.4byte	0x2f0
 895 04ad 02       		.byte	0x2
 896 04ae 23       		.byte	0x23
 897 04af 10       		.uleb128 0x10
 898 04b0 00       		.byte	0
 899 04b1 09       		.uleb128 0x9
 900 04b2 04       		.byte	0x4
 901 04b3 00000453 		.4byte	0x453
 902 04b7 08       		.uleb128 0x8
 903 04b8 10       		.byte	0x10
 904 04b9 0A       		.byte	0xa
 905 04ba 76       		.byte	0x76
 906 04bb 000004F8 		.4byte	0x4f8
 907 04bf 06       		.uleb128 0x6
 908 04c0 00000000 		.4byte	.LASF56
 909 04c4 0A       		.byte	0xa
 910 04c5 77       		.byte	0x77
 911 04c6 000004B1 		.4byte	0x4b1
 912 04ca 02       		.byte	0x2
 913 04cb 23       		.byte	0x23
 914 04cc 00       		.uleb128 0
 915 04cd 06       		.uleb128 0x6
 916 04ce 00000000 		.4byte	.LASF57
 917 04d2 0A       		.byte	0xa
 918 04d3 79       		.byte	0x79
 919 04d4 000004B1 		.4byte	0x4b1
 920 04d8 02       		.byte	0x2
 921 04d9 23       		.byte	0x23
 922 04da 04       		.uleb128 0x4
 923 04db 06       		.uleb128 0x6
 924 04dc 00000000 		.4byte	.LASF58
 925 04e0 0A       		.byte	0xa
 926 04e1 7B       		.byte	0x7b
 927 04e2 0000011B 		.4byte	0x11b
 928 04e6 02       		.byte	0x2
 929 04e7 23       		.byte	0x23
 930 04e8 08       		.uleb128 0x8
 931 04e9 06       		.uleb128 0x6
 932 04ea 00000000 		.4byte	.LASF61
 933 04ee 0A       		.byte	0xa
 934 04ef 7C       		.byte	0x7c
 935 04f0 000004F8 		.4byte	0x4f8
 936 04f4 02       		.byte	0x2
 937 04f5 23       		.byte	0x23
 938 04f6 0C       		.uleb128 0xc
 939 04f7 00       		.byte	0
 940 04f8 0F       		.uleb128 0xf
 941 04f9 0000011B 		.4byte	0x11b
 942 04fd 03       		.uleb128 0x3
 943 04fe 00000000 		.4byte	.LASF62
 944 0502 0A       		.byte	0xa
 945 0503 7D       		.byte	0x7d
 946 0504 000004B7 		.4byte	0x4b7
GAS LISTING C:\Users\thoma\AppData\Local\Temp\ccs0tVqC.s 			page 18


 947 0508 08       		.uleb128 0x8
 948 0509 1C       		.byte	0x1c
 949 050a 0B       		.byte	0xb
 950 050b 5E       		.byte	0x5e
 951 050c 00000565 		.4byte	0x565
 952 0510 06       		.uleb128 0x6
 953 0511 00000000 		.4byte	.LASF63
 954 0515 0B       		.byte	0xb
 955 0516 5F       		.byte	0x5f
 956 0517 00000281 		.4byte	0x281
 957 051b 02       		.byte	0x2
 958 051c 23       		.byte	0x23
 959 051d 00       		.uleb128 0
 960 051e 06       		.uleb128 0x6
 961 051f 00000000 		.4byte	.LASF64
 962 0523 0B       		.byte	0xb
 963 0524 60       		.byte	0x60
 964 0525 000000FA 		.4byte	0xfa
 965 0529 02       		.byte	0x2
 966 052a 23       		.byte	0x23
 967 052b 08       		.uleb128 0x8
 968 052c 06       		.uleb128 0x6
 969 052d 00000000 		.4byte	.LASF65
 970 0531 0B       		.byte	0xb
 971 0532 62       		.byte	0x62
 972 0533 00000416 		.4byte	0x416
 973 0537 02       		.byte	0x2
 974 0538 23       		.byte	0x23
 975 0539 0C       		.uleb128 0xc
 976 053a 06       		.uleb128 0x6
 977 053b 00000000 		.4byte	.LASF66
 978 053f 0B       		.byte	0xb
 979 0540 65       		.byte	0x65
 980 0541 0000027B 		.4byte	0x27b
 981 0545 02       		.byte	0x2
 982 0546 23       		.byte	0x23
 983 0547 10       		.uleb128 0x10
 984 0548 06       		.uleb128 0x6
 985 0549 00000000 		.4byte	.LASF67
 986 054d 0B       		.byte	0xb
 987 054e 66       		.byte	0x66
 988 054f 0000027B 		.4byte	0x27b
 989 0553 02       		.byte	0x2
 990 0554 23       		.byte	0x23
 991 0555 14       		.uleb128 0x14
 992 0556 06       		.uleb128 0x6
 993 0557 00000000 		.4byte	.LASF68
 994 055b 0B       		.byte	0xb
 995 055c 69       		.byte	0x69
 996 055d 0000027B 		.4byte	0x27b
 997 0561 02       		.byte	0x2
 998 0562 23       		.byte	0x23
 999 0563 18       		.uleb128 0x18
 1000 0564 00       		.byte	0
 1001 0565 03       		.uleb128 0x3
 1002 0566 00000000 		.4byte	.LASF69
 1003 056a 0B       		.byte	0xb
GAS LISTING C:\Users\thoma\AppData\Local\Temp\ccs0tVqC.s 			page 19


 1004 056b 6B       		.byte	0x6b
 1005 056c 00000508 		.4byte	0x508
 1006 0570 05       		.uleb128 0x5
 1007 0571 00000000 		.4byte	.LASF70
 1008 0575 10       		.byte	0x10
 1009 0576 0C       		.byte	0xc
 1010 0577 2C       		.byte	0x2c
 1011 0578 000005A7 		.4byte	0x5a7
 1012 057c 06       		.uleb128 0x6
 1013 057d 00000000 		.4byte	.LASF71
 1014 0581 0C       		.byte	0xc
 1015 0582 2D       		.byte	0x2d
 1016 0583 00000281 		.4byte	0x281
 1017 0587 02       		.byte	0x2
 1018 0588 23       		.byte	0x23
 1019 0589 00       		.uleb128 0
 1020 058a 06       		.uleb128 0x6
 1021 058b 00000000 		.4byte	.LASF72
 1022 058f 0C       		.byte	0xc
 1023 0590 2F       		.byte	0x2f
 1024 0591 0000027B 		.4byte	0x27b
 1025 0595 02       		.byte	0x2
 1026 0596 23       		.byte	0x23
 1027 0597 08       		.uleb128 0x8
 1028 0598 06       		.uleb128 0x6
 1029 0599 00000000 		.4byte	.LASF73
 1030 059d 0C       		.byte	0xc
 1031 059e 31       		.byte	0x31
 1032 059f 000005A7 		.4byte	0x5a7
 1033 05a3 02       		.byte	0x2
 1034 05a4 23       		.byte	0x23
 1035 05a5 0C       		.uleb128 0xc
 1036 05a6 00       		.byte	0
 1037 05a7 09       		.uleb128 0x9
 1038 05a8 04       		.byte	0x4
 1039 05a9 00000570 		.4byte	0x570
 1040 05ad 03       		.uleb128 0x3
 1041 05ae 00000000 		.4byte	.LASF70
 1042 05b2 0C       		.byte	0xc
 1043 05b3 33       		.byte	0x33
 1044 05b4 00000570 		.4byte	0x570
 1045 05b8 10       		.uleb128 0x10
 1046 05b9 04       		.byte	0x4
 1047 05ba 08       		.byte	0x8
 1048 05bb 96       		.byte	0x96
 1049 05bc 000005ED 		.4byte	0x5ed
 1050 05c0 11       		.uleb128 0x11
 1051 05c1 00000000 		.4byte	.LASF74
 1052 05c5 08       		.byte	0x8
 1053 05c6 9D       		.byte	0x9d
 1054 05c7 00000105 		.4byte	0x105
 1055 05cb 11       		.uleb128 0x11
 1056 05cc 00000000 		.4byte	.LASF75
 1057 05d0 08       		.byte	0x8
 1058 05d1 A4       		.byte	0xa4
 1059 05d2 00000105 		.4byte	0x105
 1060 05d6 11       		.uleb128 0x11
GAS LISTING C:\Users\thoma\AppData\Local\Temp\ccs0tVqC.s 			page 20


 1061 05d7 00000000 		.4byte	.LASF76
 1062 05db 08       		.byte	0x8
 1063 05dc AB       		.byte	0xab
 1064 05dd 000002F0 		.4byte	0x2f0
 1065 05e1 11       		.uleb128 0x11
 1066 05e2 00000000 		.4byte	.LASF77
 1067 05e6 08       		.byte	0x8
 1068 05e7 B2       		.byte	0xb2
 1069 05e8 00000110 		.4byte	0x110
 1070 05ec 00       		.byte	0
 1071 05ed 09       		.uleb128 0x9
 1072 05ee 04       		.byte	0x4
 1073 05ef 000005F3 		.4byte	0x5f3
 1074 05f3 12       		.uleb128 0x12
 1075 05f4 000005F8 		.4byte	0x5f8
 1076 05f8 04       		.uleb128 0x4
 1077 05f9 01       		.byte	0x1
 1078 05fa 08       		.byte	0x8
 1079 05fb 00000000 		.4byte	.LASF78
 1080 05ff 09       		.uleb128 0x9
 1081 0600 04       		.byte	0x4
 1082 0601 000005AD 		.4byte	0x5ad
 1083 0605 09       		.uleb128 0x9
 1084 0606 04       		.byte	0x4
 1085 0607 0000060B 		.4byte	0x60b
 1086 060b 13       		.uleb128 0x13
 1087 060c 01       		.byte	0x1
 1088 060d 00000105 		.4byte	0x105
 1089 0611 0000061B 		.4byte	0x61b
 1090 0615 0E       		.uleb128 0xe
 1091 0616 000002F0 		.4byte	0x2f0
 1092 061a 00       		.byte	0
 1093 061b 09       		.uleb128 0x9
 1094 061c 04       		.byte	0x4
 1095 061d 0000009B 		.4byte	0x9b
 1096 0621 05       		.uleb128 0x5
 1097 0622 00000000 		.4byte	.LASF79
 1098 0626 10       		.byte	0x10
 1099 0627 0D       		.byte	0xd
 1100 0628 48       		.byte	0x48
 1101 0629 00000666 		.4byte	0x666
 1102 062d 06       		.uleb128 0x6
 1103 062e 00000000 		.4byte	.LASF80
 1104 0632 0D       		.byte	0xd
 1105 0633 49       		.byte	0x49
 1106 0634 0000068B 		.4byte	0x68b
 1107 0638 02       		.byte	0x2
 1108 0639 23       		.byte	0x23
 1109 063a 00       		.uleb128 0
 1110 063b 06       		.uleb128 0x6
 1111 063c 00000000 		.4byte	.LASF81
 1112 0640 0D       		.byte	0xd
 1113 0641 49       		.byte	0x49
 1114 0642 000006AB 		.4byte	0x6ab
 1115 0646 02       		.byte	0x2
 1116 0647 23       		.byte	0x23
 1117 0648 04       		.uleb128 0x4
GAS LISTING C:\Users\thoma\AppData\Local\Temp\ccs0tVqC.s 			page 21


 1118 0649 07       		.uleb128 0x7
 1119 064a 70757400 		.string	"put"
 1120 064e 0D       		.byte	0xd
 1121 064f 49       		.byte	0x49
 1122 0650 000006C6 		.4byte	0x6c6
 1123 0654 02       		.byte	0x2
 1124 0655 23       		.byte	0x23
 1125 0656 08       		.uleb128 0x8
 1126 0657 07       		.uleb128 0x7
 1127 0658 67657400 		.string	"get"
 1128 065c 0D       		.byte	0xd
 1129 065d 49       		.byte	0x49
 1130 065e 00000605 		.4byte	0x605
 1131 0662 02       		.byte	0x2
 1132 0663 23       		.byte	0x23
 1133 0664 0C       		.uleb128 0xc
 1134 0665 00       		.byte	0
 1135 0666 13       		.uleb128 0x13
 1136 0667 01       		.byte	0x1
 1137 0668 00000030 		.4byte	0x30
 1138 066c 00000680 		.4byte	0x680
 1139 0670 0E       		.uleb128 0xe
 1140 0671 000002F0 		.4byte	0x2f0
 1141 0675 0E       		.uleb128 0xe
 1142 0676 00000680 		.4byte	0x680
 1143 067a 0E       		.uleb128 0xe
 1144 067b 00000030 		.4byte	0x30
 1145 067f 00       		.byte	0
 1146 0680 09       		.uleb128 0x9
 1147 0681 04       		.byte	0x4
 1148 0682 00000686 		.4byte	0x686
 1149 0686 12       		.uleb128 0x12
 1150 0687 0000009B 		.4byte	0x9b
 1151 068b 09       		.uleb128 0x9
 1152 068c 04       		.byte	0x4
 1153 068d 00000666 		.4byte	0x666
 1154 0691 13       		.uleb128 0x13
 1155 0692 01       		.byte	0x1
 1156 0693 00000030 		.4byte	0x30
 1157 0697 000006AB 		.4byte	0x6ab
 1158 069b 0E       		.uleb128 0xe
 1159 069c 000002F0 		.4byte	0x2f0
 1160 06a0 0E       		.uleb128 0xe
 1161 06a1 0000061B 		.4byte	0x61b
 1162 06a5 0E       		.uleb128 0xe
 1163 06a6 00000030 		.4byte	0x30
 1164 06aa 00       		.byte	0
 1165 06ab 09       		.uleb128 0x9
 1166 06ac 04       		.byte	0x4
 1167 06ad 00000691 		.4byte	0x691
 1168 06b1 13       		.uleb128 0x13
 1169 06b2 01       		.byte	0x1
 1170 06b3 00000105 		.4byte	0x105
 1171 06b7 000006C6 		.4byte	0x6c6
 1172 06bb 0E       		.uleb128 0xe
 1173 06bc 000002F0 		.4byte	0x2f0
 1174 06c0 0E       		.uleb128 0xe
GAS LISTING C:\Users\thoma\AppData\Local\Temp\ccs0tVqC.s 			page 22


 1175 06c1 0000009B 		.4byte	0x9b
 1176 06c5 00       		.byte	0
 1177 06c6 09       		.uleb128 0x9
 1178 06c7 04       		.byte	0x4
 1179 06c8 000006B1 		.4byte	0x6b1
 1180 06cc 08       		.uleb128 0x8
 1181 06cd 04       		.byte	0x4
 1182 06ce 0D       		.byte	0xd
 1183 06cf 51       		.byte	0x51
 1184 06d0 000006E3 		.4byte	0x6e3
 1185 06d4 07       		.uleb128 0x7
 1186 06d5 766D7400 		.string	"vmt"
 1187 06d9 0D       		.byte	0xd
 1188 06da 53       		.byte	0x53
 1189 06db 000006E3 		.4byte	0x6e3
 1190 06df 02       		.byte	0x2
 1191 06e0 23       		.byte	0x23
 1192 06e1 00       		.uleb128 0
 1193 06e2 00       		.byte	0
 1194 06e3 09       		.uleb128 0x9
 1195 06e4 04       		.byte	0x4
 1196 06e5 000006E9 		.4byte	0x6e9
 1197 06e9 12       		.uleb128 0x12
 1198 06ea 00000621 		.4byte	0x621
 1199 06ee 03       		.uleb128 0x3
 1200 06ef 00000000 		.4byte	.LASF82
 1201 06f3 0D       		.byte	0xd
 1202 06f4 55       		.byte	0x55
 1203 06f5 000006CC 		.4byte	0x6cc
 1204 06f9 03       		.uleb128 0x3
 1205 06fa 00000000 		.4byte	.LASF83
 1206 06fe 0E       		.byte	0xe
 1207 06ff 2D       		.byte	0x2d
 1208 0700 00000704 		.4byte	0x704
 1209 0704 09       		.uleb128 0x9
 1210 0705 04       		.byte	0x4
 1211 0706 0000070A 		.4byte	0x70a
 1212 070a 0D       		.uleb128 0xd
 1213 070b 01       		.byte	0x1
 1214 070c 00000720 		.4byte	0x720
 1215 0710 0E       		.uleb128 0xe
 1216 0711 00000720 		.4byte	0x720
 1217 0715 0E       		.uleb128 0xe
 1218 0716 00000029 		.4byte	0x29
 1219 071a 0E       		.uleb128 0xe
 1220 071b 00000726 		.4byte	0x726
 1221 071f 00       		.byte	0
 1222 0720 09       		.uleb128 0x9
 1223 0721 04       		.byte	0x4
 1224 0722 000006EE 		.4byte	0x6ee
 1225 0726 09       		.uleb128 0x9
 1226 0727 04       		.byte	0x4
 1227 0728 0000072C 		.4byte	0x72c
 1228 072c 09       		.uleb128 0x9
 1229 072d 04       		.byte	0x4
 1230 072e 000005F8 		.4byte	0x5f8
 1231 0732 08       		.uleb128 0x8
GAS LISTING C:\Users\thoma\AppData\Local\Temp\ccs0tVqC.s 			page 23


 1232 0733 08       		.byte	0x8
 1233 0734 0E       		.byte	0xe
 1234 0735 32       		.byte	0x32
 1235 0736 00000757 		.4byte	0x757
 1236 073a 06       		.uleb128 0x6
 1237 073b 00000000 		.4byte	.LASF84
 1238 073f 0E       		.byte	0xe
 1239 0740 33       		.byte	0x33
 1240 0741 000005ED 		.4byte	0x5ed
 1241 0745 02       		.byte	0x2
 1242 0746 23       		.byte	0x23
 1243 0747 00       		.uleb128 0
 1244 0748 06       		.uleb128 0x6
 1245 0749 00000000 		.4byte	.LASF85
 1246 074d 0E       		.byte	0xe
 1247 074e 34       		.byte	0x34
 1248 074f 000006F9 		.4byte	0x6f9
 1249 0753 02       		.byte	0x2
 1250 0754 23       		.byte	0x23
 1251 0755 04       		.uleb128 0x4
 1252 0756 00       		.byte	0
 1253 0757 03       		.uleb128 0x3
 1254 0758 00000000 		.4byte	.LASF86
 1255 075c 0E       		.byte	0xe
 1256 075d 35       		.byte	0x35
 1257 075e 00000732 		.4byte	0x732
 1258 0762 03       		.uleb128 0x3
 1259 0763 00000000 		.4byte	.LASF87
 1260 0767 0F       		.byte	0xf
 1261 0768 28       		.byte	0x28
 1262 0769 0000076D 		.4byte	0x76d
 1263 076d 0A       		.uleb128 0xa
 1264 076e 0000077D 		.4byte	0x77d
 1265 0772 0000077D 		.4byte	0x77d
 1266 0776 0B       		.uleb128 0xb
 1267 0777 000002D3 		.4byte	0x2d3
 1268 077b 00       		.byte	0
 1269 077c 00       		.byte	0
 1270 077d 05       		.uleb128 0x5
 1271 077e 00000000 		.4byte	.LASF88
 1272 0782 0C       		.byte	0xc
 1273 0783 10       		.byte	0x10
 1274 0784 00       		.byte	0
 1275 0785 000007D0 		.4byte	0x7d0
 1276 0789 07       		.uleb128 0x7
 1277 078a 67707200 		.string	"gpr"
 1278 078e 10       		.byte	0x10
 1279 078f 00       		.byte	0
 1280 0790 0000005B 		.4byte	0x5b
 1281 0794 02       		.byte	0x2
 1282 0795 23       		.byte	0x23
 1283 0796 00       		.uleb128 0
 1284 0797 07       		.uleb128 0x7
 1285 0798 66707200 		.string	"fpr"
 1286 079c 10       		.byte	0x10
 1287 079d 00       		.byte	0
 1288 079e 0000005B 		.4byte	0x5b
GAS LISTING C:\Users\thoma\AppData\Local\Temp\ccs0tVqC.s 			page 24


 1289 07a2 02       		.byte	0x2
 1290 07a3 23       		.byte	0x23
 1291 07a4 01       		.uleb128 0x1
 1292 07a5 06       		.uleb128 0x6
 1293 07a6 00000000 		.4byte	.LASF89
 1294 07aa 10       		.byte	0x10
 1295 07ab 00       		.byte	0
 1296 07ac 00000069 		.4byte	0x69
 1297 07b0 02       		.byte	0x2
 1298 07b1 23       		.byte	0x23
 1299 07b2 02       		.uleb128 0x2
 1300 07b3 06       		.uleb128 0x6
 1301 07b4 00000000 		.4byte	.LASF90
 1302 07b8 10       		.byte	0x10
 1303 07b9 00       		.byte	0
 1304 07ba 000002F0 		.4byte	0x2f0
 1305 07be 02       		.byte	0x2
 1306 07bf 23       		.byte	0x23
 1307 07c0 04       		.uleb128 0x4
 1308 07c1 06       		.uleb128 0x6
 1309 07c2 00000000 		.4byte	.LASF91
 1310 07c6 10       		.byte	0x10
 1311 07c7 00       		.byte	0
 1312 07c8 000002F0 		.4byte	0x2f0
 1313 07cc 02       		.byte	0x2
 1314 07cd 23       		.byte	0x23
 1315 07ce 08       		.uleb128 0x8
 1316 07cf 00       		.byte	0
 1317 07d0 03       		.uleb128 0x3
 1318 07d1 00000000 		.4byte	.LASF92
 1319 07d5 0F       		.byte	0xf
 1320 07d6 62       		.byte	0x62
 1321 07d7 00000762 		.4byte	0x762
 1322 07db 14       		.uleb128 0x14
 1323 07dc 00000000 		.4byte	.LASF104
 1324 07e0 01       		.byte	0x1
 1325 07e1 45       		.byte	0x45
 1326 07e2 01       		.byte	0x1
 1327 07e3 03       		.byte	0x3
 1328 07e4 0000080A 		.4byte	0x80a
 1329 07e8 15       		.uleb128 0x15
 1330 07e9 63687000 		.string	"chp"
 1331 07ed 01       		.byte	0x1
 1332 07ee 45       		.byte	0x45
 1333 07ef 00000720 		.4byte	0x720
 1334 07f3 15       		.uleb128 0x15
 1335 07f4 666D7400 		.string	"fmt"
 1336 07f8 01       		.byte	0x1
 1337 07f9 45       		.byte	0x45
 1338 07fa 000005ED 		.4byte	0x5ed
 1339 07fe 16       		.uleb128 0x16
 1340 07ff 17       		.uleb128 0x17
 1341 0800 617000   		.string	"ap"
 1342 0803 01       		.byte	0x1
 1343 0804 46       		.byte	0x46
 1344 0805 000007D0 		.4byte	0x7d0
 1345 0809 00       		.byte	0
GAS LISTING C:\Users\thoma\AppData\Local\Temp\ccs0tVqC.s 			page 25


 1346 080a 18       		.uleb128 0x18
 1347 080b 000007DB 		.4byte	0x7db
 1348 080f 00000000 		.4byte	.LFB47
 1349 0813 00000000 		.4byte	.LFE47
 1350 0817 00000000 		.4byte	.LLST0
 1351 081b 01       		.byte	0x1
 1352 081c 00000868 		.4byte	0x868
 1353 0820 19       		.uleb128 0x19
 1354 0821 000007E8 		.4byte	0x7e8
 1355 0825 00000000 		.4byte	.LLST1
 1356 0829 19       		.uleb128 0x19
 1357 082a 000007F3 		.4byte	0x7f3
 1358 082e 00000000 		.4byte	.LLST2
 1359 0832 16       		.uleb128 0x16
 1360 0833 1A       		.uleb128 0x1a
 1361 0834 000007FF 		.4byte	0x7ff
 1362 0838 02       		.byte	0x2
 1363 0839 91       		.byte	0x91
 1364 083a 58       		.sleb128 -40
 1365 083b 1B       		.uleb128 0x1b
 1366 083c 000007F3 		.4byte	0x7f3
 1367 0840 06       		.byte	0x6
 1368 0841 03       		.byte	0x3
 1369 0842 00000000 		.4byte	.LC0
 1370 0846 9F       		.byte	0x9f
 1371 0847 1C       		.uleb128 0x1c
 1372 0848 00000000 		.4byte	.LVL2
 1373 084c 0000096D 		.4byte	0x96d
 1374 0850 1D       		.uleb128 0x1d
 1375 0851 01       		.byte	0x1
 1376 0852 55       		.byte	0x55
 1377 0853 02       		.byte	0x2
 1378 0854 91       		.byte	0x91
 1379 0855 58       		.sleb128 -40
 1380 0856 1D       		.uleb128 0x1d
 1381 0857 01       		.byte	0x1
 1382 0858 54       		.byte	0x54
 1383 0859 05       		.byte	0x5
 1384 085a 03       		.byte	0x3
 1385 085b 00000000 		.4byte	.LC0
 1386 085f 1D       		.uleb128 0x1d
 1387 0860 01       		.byte	0x1
 1388 0861 53       		.byte	0x53
 1389 0862 03       		.byte	0x3
 1390 0863 F3       		.byte	0xf3
 1391 0864 01       		.uleb128 0x1
 1392 0865 53       		.byte	0x53
 1393 0866 00       		.byte	0
 1394 0867 00       		.byte	0
 1395 0868 1E       		.uleb128 0x1e
 1396 0869 01       		.byte	0x1
 1397 086a 00000000 		.4byte	.LASF105
 1398 086e 02       		.byte	0x2
 1399 086f 22       		.byte	0x22
 1400 0870 01       		.byte	0x1
 1401 0871 00000105 		.4byte	0x105
 1402 0875 00000000 		.4byte	.LFB46
GAS LISTING C:\Users\thoma\AppData\Local\Temp\ccs0tVqC.s 			page 26


 1403 0879 00000000 		.4byte	.LFE46
 1404 087d 00000000 		.4byte	.LLST3
 1405 0881 01       		.byte	0x1
 1406 0882 000008E6 		.4byte	0x8e6
 1407 0886 1F       		.uleb128 0x1f
 1408 0887 61726700 		.string	"arg"
 1409 088b 02       		.byte	0x2
 1410 088c 22       		.byte	0x22
 1411 088d 000002F0 		.4byte	0x2f0
 1412 0891 00000000 		.4byte	.LLST4
 1413 0895 20       		.uleb128 0x20
 1414 0896 6900     		.string	"i"
 1415 0898 02       		.byte	0x2
 1416 0899 25       		.byte	0x25
 1417 089a 00000029 		.4byte	0x29
 1418 089e 00000000 		.4byte	.LLST5
 1419 08a2 21       		.uleb128 0x21
 1420 08a3 00000000 		.4byte	.LVL6
 1421 08a7 0000080A 		.4byte	0x80a
 1422 08ab 000008C2 		.4byte	0x8c2
 1423 08af 1D       		.uleb128 0x1d
 1424 08b0 01       		.byte	0x1
 1425 08b1 55       		.byte	0x55
 1426 08b2 02       		.byte	0x2
 1427 08b3 8F       		.byte	0x8f
 1428 08b4 7F       		.sleb128 -1
 1429 08b5 1D       		.uleb128 0x1d
 1430 08b6 01       		.byte	0x1
 1431 08b7 54       		.byte	0x54
 1432 08b8 02       		.byte	0x2
 1433 08b9 8D       		.byte	0x8d
 1434 08ba 00       		.sleb128 0
 1435 08bb 1D       		.uleb128 0x1d
 1436 08bc 01       		.byte	0x1
 1437 08bd 53       		.byte	0x53
 1438 08be 02       		.byte	0x2
 1439 08bf 8C       		.byte	0x8c
 1440 08c0 00       		.sleb128 0
 1441 08c1 00       		.byte	0
 1442 08c2 21       		.uleb128 0x21
 1443 08c3 00000000 		.4byte	.LVL7
 1444 08c7 00000991 		.4byte	0x991
 1445 08cb 000008D6 		.4byte	0x8d6
 1446 08cf 1D       		.uleb128 0x1d
 1447 08d0 01       		.byte	0x1
 1448 08d1 53       		.byte	0x53
 1449 08d2 02       		.byte	0x2
 1450 08d3 08       		.byte	0x8
 1451 08d4 64       		.byte	0x64
 1452 08d5 00       		.byte	0
 1453 08d6 1C       		.uleb128 0x1c
 1454 08d7 00000000 		.4byte	.LVL9
 1455 08db 000009A6 		.4byte	0x9a6
 1456 08df 1D       		.uleb128 0x1d
 1457 08e0 01       		.byte	0x1
 1458 08e1 53       		.byte	0x53
 1459 08e2 01       		.byte	0x1
GAS LISTING C:\Users\thoma\AppData\Local\Temp\ccs0tVqC.s 			page 27


 1460 08e3 30       		.byte	0x30
 1461 08e4 00       		.byte	0
 1462 08e5 00       		.byte	0
 1463 08e6 22       		.uleb128 0x22
 1464 08e7 00000000 		.4byte	.LASF93
 1465 08eb 0A       		.byte	0xa
 1466 08ec F5       		.byte	0xf5
 1467 08ed 000004FD 		.4byte	0x4fd
 1468 08f1 01       		.byte	0x1
 1469 08f2 01       		.byte	0x1
 1470 08f3 22       		.uleb128 0x22
 1471 08f4 00000000 		.4byte	.LASF94
 1472 08f8 0B       		.byte	0xb
 1473 08f9 6F       		.byte	0x6f
 1474 08fa 00000565 		.4byte	0x565
 1475 08fe 01       		.byte	0x1
 1476 08ff 01       		.byte	0x1
 1477 0900 0A       		.uleb128 0xa
 1478 0901 00000757 		.4byte	0x757
 1479 0905 00000910 		.4byte	0x910
 1480 0909 0B       		.uleb128 0xb
 1481 090a 000002D3 		.4byte	0x2d3
 1482 090e 09       		.byte	0x9
 1483 090f 00       		.byte	0
 1484 0910 23       		.uleb128 0x23
 1485 0911 00000000 		.4byte	.LASF95
 1486 0915 02       		.byte	0x2
 1487 0916 37       		.byte	0x37
 1488 0917 00000922 		.4byte	0x922
 1489 091b 01       		.byte	0x1
 1490 091c 05       		.byte	0x5
 1491 091d 03       		.byte	0x3
 1492 091e 00000000 		.4byte	shell_commands_car
 1493 0922 12       		.uleb128 0x12
 1494 0923 00000900 		.4byte	0x900
 1495 0927 23       		.uleb128 0x23
 1496 0928 00000000 		.4byte	.LASF96
 1497 092c 02       		.byte	0x2
 1498 092d 1B       		.byte	0x1b
 1499 092e 0000027B 		.4byte	0x27b
 1500 0932 01       		.byte	0x1
 1501 0933 05       		.byte	0x5
 1502 0934 03       		.byte	0x3
 1503 0935 00000000 		.4byte	tpgps
 1504 0939 23       		.uleb128 0x23
 1505 093a 00000000 		.4byte	.LASF97
 1506 093e 02       		.byte	0x2
 1507 093f 1C       		.byte	0x1c
 1508 0940 000000BC 		.4byte	0xbc
 1509 0944 01       		.byte	0x1
 1510 0945 05       		.byte	0x5
 1511 0946 03       		.byte	0x3
 1512 0947 00000000 		.4byte	bGpsRunning
 1513 094b 0A       		.uleb128 0xa
 1514 094c 000002DA 		.4byte	0x2da
 1515 0950 0000095B 		.4byte	0x95b
 1516 0954 0B       		.uleb128 0xb
GAS LISTING C:\Users\thoma\AppData\Local\Temp\ccs0tVqC.s 			page 28


 1517 0955 000002D3 		.4byte	0x2d3
 1518 0959 4C       		.byte	0x4c
 1519 095a 00       		.byte	0
 1520 095b 23       		.uleb128 0x23
 1521 095c 00000000 		.4byte	.LASF98
 1522 0960 02       		.byte	0x2
 1523 0961 21       		.byte	0x21
 1524 0962 0000094B 		.4byte	0x94b
 1525 0966 01       		.byte	0x1
 1526 0967 05       		.byte	0x5
 1527 0968 03       		.byte	0x3
 1528 0969 00000000 		.4byte	waThreadGPS
 1529 096d 24       		.uleb128 0x24
 1530 096e 01       		.byte	0x1
 1531 096f 00000000 		.4byte	.LASF99
 1532 0973 01       		.byte	0x1
 1533 0974 28       		.byte	0x28
 1534 0975 01       		.byte	0x1
 1535 0976 01       		.byte	0x1
 1536 0977 0000098B 		.4byte	0x98b
 1537 097b 0E       		.uleb128 0xe
 1538 097c 00000720 		.4byte	0x720
 1539 0980 0E       		.uleb128 0xe
 1540 0981 000005ED 		.4byte	0x5ed
 1541 0985 0E       		.uleb128 0xe
 1542 0986 0000098B 		.4byte	0x98b
 1543 098a 00       		.byte	0
 1544 098b 09       		.uleb128 0x9
 1545 098c 04       		.byte	0x4
 1546 098d 0000077D 		.4byte	0x77d
 1547 0991 25       		.uleb128 0x25
 1548 0992 01       		.byte	0x1
 1549 0993 00000000 		.4byte	.LASF100
 1550 0997 08       		.byte	0x8
 1551 0998 0175     		.2byte	0x175
 1552 099a 01       		.byte	0x1
 1553 099b 01       		.byte	0x1
 1554 099c 000009A6 		.4byte	0x9a6
 1555 09a0 0E       		.uleb128 0xe
 1556 09a1 0000011B 		.4byte	0x11b
 1557 09a5 00       		.byte	0
 1558 09a6 26       		.uleb128 0x26
 1559 09a7 01       		.byte	0x1
 1560 09a8 00000000 		.4byte	.LASF106
 1561 09ac 08       		.byte	0x8
 1562 09ad 0178     		.2byte	0x178
 1563 09af 01       		.byte	0x1
 1564 09b0 01       		.byte	0x1
 1565 09b1 0E       		.uleb128 0xe
 1566 09b2 00000105 		.4byte	0x105
 1567 09b6 00       		.byte	0
 1568 09b7 00       		.byte	0
 1569              		.section	.debug_abbrev,"",@progbits
 1570              	.Ldebug_abbrev0:
 1571 0000 01       		.uleb128 0x1
 1572 0001 11       		.uleb128 0x11
 1573 0002 01       		.byte	0x1
GAS LISTING C:\Users\thoma\AppData\Local\Temp\ccs0tVqC.s 			page 29


 1574 0003 25       		.uleb128 0x25
 1575 0004 0E       		.uleb128 0xe
 1576 0005 13       		.uleb128 0x13
 1577 0006 0B       		.uleb128 0xb
 1578 0007 03       		.uleb128 0x3
 1579 0008 0E       		.uleb128 0xe
 1580 0009 1B       		.uleb128 0x1b
 1581 000a 0E       		.uleb128 0xe
 1582 000b 55       		.uleb128 0x55
 1583 000c 06       		.uleb128 0x6
 1584 000d 11       		.uleb128 0x11
 1585 000e 01       		.uleb128 0x1
 1586 000f 52       		.uleb128 0x52
 1587 0010 01       		.uleb128 0x1
 1588 0011 10       		.uleb128 0x10
 1589 0012 06       		.uleb128 0x6
 1590 0013 00       		.byte	0
 1591 0014 00       		.byte	0
 1592 0015 02       		.uleb128 0x2
 1593 0016 24       		.uleb128 0x24
 1594 0017 00       		.byte	0
 1595 0018 0B       		.uleb128 0xb
 1596 0019 0B       		.uleb128 0xb
 1597 001a 3E       		.uleb128 0x3e
 1598 001b 0B       		.uleb128 0xb
 1599 001c 03       		.uleb128 0x3
 1600 001d 08       		.uleb128 0x8
 1601 001e 00       		.byte	0
 1602 001f 00       		.byte	0
 1603 0020 03       		.uleb128 0x3
 1604 0021 16       		.uleb128 0x16
 1605 0022 00       		.byte	0
 1606 0023 03       		.uleb128 0x3
 1607 0024 0E       		.uleb128 0xe
 1608 0025 3A       		.uleb128 0x3a
 1609 0026 0B       		.uleb128 0xb
 1610 0027 3B       		.uleb128 0x3b
 1611 0028 0B       		.uleb128 0xb
 1612 0029 49       		.uleb128 0x49
 1613 002a 13       		.uleb128 0x13
 1614 002b 00       		.byte	0
 1615 002c 00       		.byte	0
 1616 002d 04       		.uleb128 0x4
 1617 002e 24       		.uleb128 0x24
 1618 002f 00       		.byte	0
 1619 0030 0B       		.uleb128 0xb
 1620 0031 0B       		.uleb128 0xb
 1621 0032 3E       		.uleb128 0x3e
 1622 0033 0B       		.uleb128 0xb
 1623 0034 03       		.uleb128 0x3
 1624 0035 0E       		.uleb128 0xe
 1625 0036 00       		.byte	0
 1626 0037 00       		.byte	0
 1627 0038 05       		.uleb128 0x5
 1628 0039 13       		.uleb128 0x13
 1629 003a 01       		.byte	0x1
 1630 003b 03       		.uleb128 0x3
GAS LISTING C:\Users\thoma\AppData\Local\Temp\ccs0tVqC.s 			page 30


 1631 003c 0E       		.uleb128 0xe
 1632 003d 0B       		.uleb128 0xb
 1633 003e 0B       		.uleb128 0xb
 1634 003f 3A       		.uleb128 0x3a
 1635 0040 0B       		.uleb128 0xb
 1636 0041 3B       		.uleb128 0x3b
 1637 0042 0B       		.uleb128 0xb
 1638 0043 01       		.uleb128 0x1
 1639 0044 13       		.uleb128 0x13
 1640 0045 00       		.byte	0
 1641 0046 00       		.byte	0
 1642 0047 06       		.uleb128 0x6
 1643 0048 0D       		.uleb128 0xd
 1644 0049 00       		.byte	0
 1645 004a 03       		.uleb128 0x3
 1646 004b 0E       		.uleb128 0xe
 1647 004c 3A       		.uleb128 0x3a
 1648 004d 0B       		.uleb128 0xb
 1649 004e 3B       		.uleb128 0x3b
 1650 004f 0B       		.uleb128 0xb
 1651 0050 49       		.uleb128 0x49
 1652 0051 13       		.uleb128 0x13
 1653 0052 38       		.uleb128 0x38
 1654 0053 0A       		.uleb128 0xa
 1655 0054 00       		.byte	0
 1656 0055 00       		.byte	0
 1657 0056 07       		.uleb128 0x7
 1658 0057 0D       		.uleb128 0xd
 1659 0058 00       		.byte	0
 1660 0059 03       		.uleb128 0x3
 1661 005a 08       		.uleb128 0x8
 1662 005b 3A       		.uleb128 0x3a
 1663 005c 0B       		.uleb128 0xb
 1664 005d 3B       		.uleb128 0x3b
 1665 005e 0B       		.uleb128 0xb
 1666 005f 49       		.uleb128 0x49
 1667 0060 13       		.uleb128 0x13
 1668 0061 38       		.uleb128 0x38
 1669 0062 0A       		.uleb128 0xa
 1670 0063 00       		.byte	0
 1671 0064 00       		.byte	0
 1672 0065 08       		.uleb128 0x8
 1673 0066 13       		.uleb128 0x13
 1674 0067 01       		.byte	0x1
 1675 0068 0B       		.uleb128 0xb
 1676 0069 0B       		.uleb128 0xb
 1677 006a 3A       		.uleb128 0x3a
 1678 006b 0B       		.uleb128 0xb
 1679 006c 3B       		.uleb128 0x3b
 1680 006d 0B       		.uleb128 0xb
 1681 006e 01       		.uleb128 0x1
 1682 006f 13       		.uleb128 0x13
 1683 0070 00       		.byte	0
 1684 0071 00       		.byte	0
 1685 0072 09       		.uleb128 0x9
 1686 0073 0F       		.uleb128 0xf
 1687 0074 00       		.byte	0
GAS LISTING C:\Users\thoma\AppData\Local\Temp\ccs0tVqC.s 			page 31


 1688 0075 0B       		.uleb128 0xb
 1689 0076 0B       		.uleb128 0xb
 1690 0077 49       		.uleb128 0x49
 1691 0078 13       		.uleb128 0x13
 1692 0079 00       		.byte	0
 1693 007a 00       		.byte	0
 1694 007b 0A       		.uleb128 0xa
 1695 007c 01       		.uleb128 0x1
 1696 007d 01       		.byte	0x1
 1697 007e 49       		.uleb128 0x49
 1698 007f 13       		.uleb128 0x13
 1699 0080 01       		.uleb128 0x1
 1700 0081 13       		.uleb128 0x13
 1701 0082 00       		.byte	0
 1702 0083 00       		.byte	0
 1703 0084 0B       		.uleb128 0xb
 1704 0085 21       		.uleb128 0x21
 1705 0086 00       		.byte	0
 1706 0087 49       		.uleb128 0x49
 1707 0088 13       		.uleb128 0x13
 1708 0089 2F       		.uleb128 0x2f
 1709 008a 0B       		.uleb128 0xb
 1710 008b 00       		.byte	0
 1711 008c 00       		.byte	0
 1712 008d 0C       		.uleb128 0xc
 1713 008e 0F       		.uleb128 0xf
 1714 008f 00       		.byte	0
 1715 0090 0B       		.uleb128 0xb
 1716 0091 0B       		.uleb128 0xb
 1717 0092 00       		.byte	0
 1718 0093 00       		.byte	0
 1719 0094 0D       		.uleb128 0xd
 1720 0095 15       		.uleb128 0x15
 1721 0096 01       		.byte	0x1
 1722 0097 27       		.uleb128 0x27
 1723 0098 0C       		.uleb128 0xc
 1724 0099 01       		.uleb128 0x1
 1725 009a 13       		.uleb128 0x13
 1726 009b 00       		.byte	0
 1727 009c 00       		.byte	0
 1728 009d 0E       		.uleb128 0xe
 1729 009e 05       		.uleb128 0x5
 1730 009f 00       		.byte	0
 1731 00a0 49       		.uleb128 0x49
 1732 00a1 13       		.uleb128 0x13
 1733 00a2 00       		.byte	0
 1734 00a3 00       		.byte	0
 1735 00a4 0F       		.uleb128 0xf
 1736 00a5 35       		.uleb128 0x35
 1737 00a6 00       		.byte	0
 1738 00a7 49       		.uleb128 0x49
 1739 00a8 13       		.uleb128 0x13
 1740 00a9 00       		.byte	0
 1741 00aa 00       		.byte	0
 1742 00ab 10       		.uleb128 0x10
 1743 00ac 17       		.uleb128 0x17
 1744 00ad 01       		.byte	0x1
GAS LISTING C:\Users\thoma\AppData\Local\Temp\ccs0tVqC.s 			page 32


 1745 00ae 0B       		.uleb128 0xb
 1746 00af 0B       		.uleb128 0xb
 1747 00b0 3A       		.uleb128 0x3a
 1748 00b1 0B       		.uleb128 0xb
 1749 00b2 3B       		.uleb128 0x3b
 1750 00b3 0B       		.uleb128 0xb
 1751 00b4 01       		.uleb128 0x1
 1752 00b5 13       		.uleb128 0x13
 1753 00b6 00       		.byte	0
 1754 00b7 00       		.byte	0
 1755 00b8 11       		.uleb128 0x11
 1756 00b9 0D       		.uleb128 0xd
 1757 00ba 00       		.byte	0
 1758 00bb 03       		.uleb128 0x3
 1759 00bc 0E       		.uleb128 0xe
 1760 00bd 3A       		.uleb128 0x3a
 1761 00be 0B       		.uleb128 0xb
 1762 00bf 3B       		.uleb128 0x3b
 1763 00c0 0B       		.uleb128 0xb
 1764 00c1 49       		.uleb128 0x49
 1765 00c2 13       		.uleb128 0x13
 1766 00c3 00       		.byte	0
 1767 00c4 00       		.byte	0
 1768 00c5 12       		.uleb128 0x12
 1769 00c6 26       		.uleb128 0x26
 1770 00c7 00       		.byte	0
 1771 00c8 49       		.uleb128 0x49
 1772 00c9 13       		.uleb128 0x13
 1773 00ca 00       		.byte	0
 1774 00cb 00       		.byte	0
 1775 00cc 13       		.uleb128 0x13
 1776 00cd 15       		.uleb128 0x15
 1777 00ce 01       		.byte	0x1
 1778 00cf 27       		.uleb128 0x27
 1779 00d0 0C       		.uleb128 0xc
 1780 00d1 49       		.uleb128 0x49
 1781 00d2 13       		.uleb128 0x13
 1782 00d3 01       		.uleb128 0x1
 1783 00d4 13       		.uleb128 0x13
 1784 00d5 00       		.byte	0
 1785 00d6 00       		.byte	0
 1786 00d7 14       		.uleb128 0x14
 1787 00d8 2E       		.uleb128 0x2e
 1788 00d9 01       		.byte	0x1
 1789 00da 03       		.uleb128 0x3
 1790 00db 0E       		.uleb128 0xe
 1791 00dc 3A       		.uleb128 0x3a
 1792 00dd 0B       		.uleb128 0xb
 1793 00de 3B       		.uleb128 0x3b
 1794 00df 0B       		.uleb128 0xb
 1795 00e0 27       		.uleb128 0x27
 1796 00e1 0C       		.uleb128 0xc
 1797 00e2 20       		.uleb128 0x20
 1798 00e3 0B       		.uleb128 0xb
 1799 00e4 01       		.uleb128 0x1
 1800 00e5 13       		.uleb128 0x13
 1801 00e6 00       		.byte	0
GAS LISTING C:\Users\thoma\AppData\Local\Temp\ccs0tVqC.s 			page 33


 1802 00e7 00       		.byte	0
 1803 00e8 15       		.uleb128 0x15
 1804 00e9 05       		.uleb128 0x5
 1805 00ea 00       		.byte	0
 1806 00eb 03       		.uleb128 0x3
 1807 00ec 08       		.uleb128 0x8
 1808 00ed 3A       		.uleb128 0x3a
 1809 00ee 0B       		.uleb128 0xb
 1810 00ef 3B       		.uleb128 0x3b
 1811 00f0 0B       		.uleb128 0xb
 1812 00f1 49       		.uleb128 0x49
 1813 00f2 13       		.uleb128 0x13
 1814 00f3 00       		.byte	0
 1815 00f4 00       		.byte	0
 1816 00f5 16       		.uleb128 0x16
 1817 00f6 18       		.uleb128 0x18
 1818 00f7 00       		.byte	0
 1819 00f8 00       		.byte	0
 1820 00f9 00       		.byte	0
 1821 00fa 17       		.uleb128 0x17
 1822 00fb 34       		.uleb128 0x34
 1823 00fc 00       		.byte	0
 1824 00fd 03       		.uleb128 0x3
 1825 00fe 08       		.uleb128 0x8
 1826 00ff 3A       		.uleb128 0x3a
 1827 0100 0B       		.uleb128 0xb
 1828 0101 3B       		.uleb128 0x3b
 1829 0102 0B       		.uleb128 0xb
 1830 0103 49       		.uleb128 0x49
 1831 0104 13       		.uleb128 0x13
 1832 0105 00       		.byte	0
 1833 0106 00       		.byte	0
 1834 0107 18       		.uleb128 0x18
 1835 0108 2E       		.uleb128 0x2e
 1836 0109 01       		.byte	0x1
 1837 010a 31       		.uleb128 0x31
 1838 010b 13       		.uleb128 0x13
 1839 010c 11       		.uleb128 0x11
 1840 010d 01       		.uleb128 0x1
 1841 010e 12       		.uleb128 0x12
 1842 010f 01       		.uleb128 0x1
 1843 0110 40       		.uleb128 0x40
 1844 0111 06       		.uleb128 0x6
 1845 0112 9742     		.uleb128 0x2117
 1846 0114 0C       		.uleb128 0xc
 1847 0115 01       		.uleb128 0x1
 1848 0116 13       		.uleb128 0x13
 1849 0117 00       		.byte	0
 1850 0118 00       		.byte	0
 1851 0119 19       		.uleb128 0x19
 1852 011a 05       		.uleb128 0x5
 1853 011b 00       		.byte	0
 1854 011c 31       		.uleb128 0x31
 1855 011d 13       		.uleb128 0x13
 1856 011e 02       		.uleb128 0x2
 1857 011f 06       		.uleb128 0x6
 1858 0120 00       		.byte	0
GAS LISTING C:\Users\thoma\AppData\Local\Temp\ccs0tVqC.s 			page 34


 1859 0121 00       		.byte	0
 1860 0122 1A       		.uleb128 0x1a
 1861 0123 34       		.uleb128 0x34
 1862 0124 00       		.byte	0
 1863 0125 31       		.uleb128 0x31
 1864 0126 13       		.uleb128 0x13
 1865 0127 02       		.uleb128 0x2
 1866 0128 0A       		.uleb128 0xa
 1867 0129 00       		.byte	0
 1868 012a 00       		.byte	0
 1869 012b 1B       		.uleb128 0x1b
 1870 012c 05       		.uleb128 0x5
 1871 012d 00       		.byte	0
 1872 012e 31       		.uleb128 0x31
 1873 012f 13       		.uleb128 0x13
 1874 0130 02       		.uleb128 0x2
 1875 0131 0A       		.uleb128 0xa
 1876 0132 00       		.byte	0
 1877 0133 00       		.byte	0
 1878 0134 1C       		.uleb128 0x1c
 1879 0135 898201   		.uleb128 0x4109
 1880 0138 01       		.byte	0x1
 1881 0139 11       		.uleb128 0x11
 1882 013a 01       		.uleb128 0x1
 1883 013b 31       		.uleb128 0x31
 1884 013c 13       		.uleb128 0x13
 1885 013d 00       		.byte	0
 1886 013e 00       		.byte	0
 1887 013f 1D       		.uleb128 0x1d
 1888 0140 8A8201   		.uleb128 0x410a
 1889 0143 00       		.byte	0
 1890 0144 02       		.uleb128 0x2
 1891 0145 0A       		.uleb128 0xa
 1892 0146 9142     		.uleb128 0x2111
 1893 0148 0A       		.uleb128 0xa
 1894 0149 00       		.byte	0
 1895 014a 00       		.byte	0
 1896 014b 1E       		.uleb128 0x1e
 1897 014c 2E       		.uleb128 0x2e
 1898 014d 01       		.byte	0x1
 1899 014e 3F       		.uleb128 0x3f
 1900 014f 0C       		.uleb128 0xc
 1901 0150 03       		.uleb128 0x3
 1902 0151 0E       		.uleb128 0xe
 1903 0152 3A       		.uleb128 0x3a
 1904 0153 0B       		.uleb128 0xb
 1905 0154 3B       		.uleb128 0x3b
 1906 0155 0B       		.uleb128 0xb
 1907 0156 27       		.uleb128 0x27
 1908 0157 0C       		.uleb128 0xc
 1909 0158 49       		.uleb128 0x49
 1910 0159 13       		.uleb128 0x13
 1911 015a 11       		.uleb128 0x11
 1912 015b 01       		.uleb128 0x1
 1913 015c 12       		.uleb128 0x12
 1914 015d 01       		.uleb128 0x1
 1915 015e 40       		.uleb128 0x40
GAS LISTING C:\Users\thoma\AppData\Local\Temp\ccs0tVqC.s 			page 35


 1916 015f 06       		.uleb128 0x6
 1917 0160 9742     		.uleb128 0x2117
 1918 0162 0C       		.uleb128 0xc
 1919 0163 01       		.uleb128 0x1
 1920 0164 13       		.uleb128 0x13
 1921 0165 00       		.byte	0
 1922 0166 00       		.byte	0
 1923 0167 1F       		.uleb128 0x1f
 1924 0168 05       		.uleb128 0x5
 1925 0169 00       		.byte	0
 1926 016a 03       		.uleb128 0x3
 1927 016b 08       		.uleb128 0x8
 1928 016c 3A       		.uleb128 0x3a
 1929 016d 0B       		.uleb128 0xb
 1930 016e 3B       		.uleb128 0x3b
 1931 016f 0B       		.uleb128 0xb
 1932 0170 49       		.uleb128 0x49
 1933 0171 13       		.uleb128 0x13
 1934 0172 02       		.uleb128 0x2
 1935 0173 06       		.uleb128 0x6
 1936 0174 00       		.byte	0
 1937 0175 00       		.byte	0
 1938 0176 20       		.uleb128 0x20
 1939 0177 34       		.uleb128 0x34
 1940 0178 00       		.byte	0
 1941 0179 03       		.uleb128 0x3
 1942 017a 08       		.uleb128 0x8
 1943 017b 3A       		.uleb128 0x3a
 1944 017c 0B       		.uleb128 0xb
 1945 017d 3B       		.uleb128 0x3b
 1946 017e 0B       		.uleb128 0xb
 1947 017f 49       		.uleb128 0x49
 1948 0180 13       		.uleb128 0x13
 1949 0181 02       		.uleb128 0x2
 1950 0182 06       		.uleb128 0x6
 1951 0183 00       		.byte	0
 1952 0184 00       		.byte	0
 1953 0185 21       		.uleb128 0x21
 1954 0186 898201   		.uleb128 0x4109
 1955 0189 01       		.byte	0x1
 1956 018a 11       		.uleb128 0x11
 1957 018b 01       		.uleb128 0x1
 1958 018c 31       		.uleb128 0x31
 1959 018d 13       		.uleb128 0x13
 1960 018e 01       		.uleb128 0x1
 1961 018f 13       		.uleb128 0x13
 1962 0190 00       		.byte	0
 1963 0191 00       		.byte	0
 1964 0192 22       		.uleb128 0x22
 1965 0193 34       		.uleb128 0x34
 1966 0194 00       		.byte	0
 1967 0195 03       		.uleb128 0x3
 1968 0196 0E       		.uleb128 0xe
 1969 0197 3A       		.uleb128 0x3a
 1970 0198 0B       		.uleb128 0xb
 1971 0199 3B       		.uleb128 0x3b
 1972 019a 0B       		.uleb128 0xb
GAS LISTING C:\Users\thoma\AppData\Local\Temp\ccs0tVqC.s 			page 36


 1973 019b 49       		.uleb128 0x49
 1974 019c 13       		.uleb128 0x13
 1975 019d 3F       		.uleb128 0x3f
 1976 019e 0C       		.uleb128 0xc
 1977 019f 3C       		.uleb128 0x3c
 1978 01a0 0C       		.uleb128 0xc
 1979 01a1 00       		.byte	0
 1980 01a2 00       		.byte	0
 1981 01a3 23       		.uleb128 0x23
 1982 01a4 34       		.uleb128 0x34
 1983 01a5 00       		.byte	0
 1984 01a6 03       		.uleb128 0x3
 1985 01a7 0E       		.uleb128 0xe
 1986 01a8 3A       		.uleb128 0x3a
 1987 01a9 0B       		.uleb128 0xb
 1988 01aa 3B       		.uleb128 0x3b
 1989 01ab 0B       		.uleb128 0xb
 1990 01ac 49       		.uleb128 0x49
 1991 01ad 13       		.uleb128 0x13
 1992 01ae 3F       		.uleb128 0x3f
 1993 01af 0C       		.uleb128 0xc
 1994 01b0 02       		.uleb128 0x2
 1995 01b1 0A       		.uleb128 0xa
 1996 01b2 00       		.byte	0
 1997 01b3 00       		.byte	0
 1998 01b4 24       		.uleb128 0x24
 1999 01b5 2E       		.uleb128 0x2e
 2000 01b6 01       		.byte	0x1
 2001 01b7 3F       		.uleb128 0x3f
 2002 01b8 0C       		.uleb128 0xc
 2003 01b9 03       		.uleb128 0x3
 2004 01ba 0E       		.uleb128 0xe
 2005 01bb 3A       		.uleb128 0x3a
 2006 01bc 0B       		.uleb128 0xb
 2007 01bd 3B       		.uleb128 0x3b
 2008 01be 0B       		.uleb128 0xb
 2009 01bf 27       		.uleb128 0x27
 2010 01c0 0C       		.uleb128 0xc
 2011 01c1 3C       		.uleb128 0x3c
 2012 01c2 0C       		.uleb128 0xc
 2013 01c3 01       		.uleb128 0x1
 2014 01c4 13       		.uleb128 0x13
 2015 01c5 00       		.byte	0
 2016 01c6 00       		.byte	0
 2017 01c7 25       		.uleb128 0x25
 2018 01c8 2E       		.uleb128 0x2e
 2019 01c9 01       		.byte	0x1
 2020 01ca 3F       		.uleb128 0x3f
 2021 01cb 0C       		.uleb128 0xc
 2022 01cc 03       		.uleb128 0x3
 2023 01cd 0E       		.uleb128 0xe
 2024 01ce 3A       		.uleb128 0x3a
 2025 01cf 0B       		.uleb128 0xb
 2026 01d0 3B       		.uleb128 0x3b
 2027 01d1 05       		.uleb128 0x5
 2028 01d2 27       		.uleb128 0x27
 2029 01d3 0C       		.uleb128 0xc
GAS LISTING C:\Users\thoma\AppData\Local\Temp\ccs0tVqC.s 			page 37


 2030 01d4 3C       		.uleb128 0x3c
 2031 01d5 0C       		.uleb128 0xc
 2032 01d6 01       		.uleb128 0x1
 2033 01d7 13       		.uleb128 0x13
 2034 01d8 00       		.byte	0
 2035 01d9 00       		.byte	0
 2036 01da 26       		.uleb128 0x26
 2037 01db 2E       		.uleb128 0x2e
 2038 01dc 01       		.byte	0x1
 2039 01dd 3F       		.uleb128 0x3f
 2040 01de 0C       		.uleb128 0xc
 2041 01df 03       		.uleb128 0x3
 2042 01e0 0E       		.uleb128 0xe
 2043 01e1 3A       		.uleb128 0x3a
 2044 01e2 0B       		.uleb128 0xb
 2045 01e3 3B       		.uleb128 0x3b
 2046 01e4 05       		.uleb128 0x5
 2047 01e5 27       		.uleb128 0x27
 2048 01e6 0C       		.uleb128 0xc
 2049 01e7 3C       		.uleb128 0x3c
 2050 01e8 0C       		.uleb128 0xc
 2051 01e9 00       		.byte	0
 2052 01ea 00       		.byte	0
 2053 01eb 00       		.byte	0
 2054              		.section	.debug_loc,"",@progbits
 2055              	.Ldebug_loc0:
 2056              	.LLST0:
 2057 0000 00000000 		.4byte	.LFB47
 2058 0004 00000000 		.4byte	.LCFI0
 2059 0008 0002     		.2byte	0x2
 2060 000a 71       		.byte	0x71
 2061 000b 00       		.sleb128 0
 2062 000c 00000000 		.4byte	.LCFI0
 2063 0010 00000000 		.4byte	.LCFI1
 2064 0014 0002     		.2byte	0x2
 2065 0016 71       		.byte	0x71
 2066 0017 30       		.sleb128 48
 2067 0018 00000000 		.4byte	.LCFI1
 2068 001c 00000000 		.4byte	.LFE47
 2069 0020 0002     		.2byte	0x2
 2070 0022 71       		.byte	0x71
 2071 0023 00       		.sleb128 0
 2072 0024 00000000 		.4byte	0
 2073 0028 00000000 		.4byte	0
 2074              	.LLST1:
 2075 002c 00000000 		.4byte	.LVL0
 2076 0030 00000000 		.4byte	.LVL2-1
 2077 0034 0001     		.2byte	0x1
 2078 0036 53       		.byte	0x53
 2079 0037 00000000 		.4byte	.LVL2-1
 2080 003b 00000000 		.4byte	.LFE47
 2081 003f 0004     		.2byte	0x4
 2082 0041 F3       		.byte	0xf3
 2083 0042 01       		.uleb128 0x1
 2084 0043 53       		.byte	0x53
 2085 0044 9F       		.byte	0x9f
 2086 0045 00000000 		.4byte	0
GAS LISTING C:\Users\thoma\AppData\Local\Temp\ccs0tVqC.s 			page 38


 2087 0049 00000000 		.4byte	0
 2088              	.LLST2:
 2089 004d 00000000 		.4byte	.LVL0
 2090 0051 00000000 		.4byte	.LVL1
 2091 0055 0001     		.2byte	0x1
 2092 0057 54       		.byte	0x54
 2093 0058 00000000 		.4byte	.LVL1
 2094 005c 00000000 		.4byte	.LFE47
 2095 0060 0004     		.2byte	0x4
 2096 0062 F3       		.byte	0xf3
 2097 0063 01       		.uleb128 0x1
 2098 0064 54       		.byte	0x54
 2099 0065 9F       		.byte	0x9f
 2100 0066 00000000 		.4byte	0
 2101 006a 00000000 		.4byte	0
 2102              	.LLST3:
 2103 006e 00000000 		.4byte	.LFB46
 2104 0072 00000000 		.4byte	.LCFI2
 2105 0076 0002     		.2byte	0x2
 2106 0078 71       		.byte	0x71
 2107 0079 00       		.sleb128 0
 2108 007a 00000000 		.4byte	.LCFI2
 2109 007e 00000000 		.4byte	.LCFI3
 2110 0082 0002     		.2byte	0x2
 2111 0084 71       		.byte	0x71
 2112 0085 18       		.sleb128 24
 2113 0086 00000000 		.4byte	.LCFI3
 2114 008a 00000000 		.4byte	.LFE46
 2115 008e 0002     		.2byte	0x2
 2116 0090 71       		.byte	0x71
 2117 0091 00       		.sleb128 0
 2118 0092 00000000 		.4byte	0
 2119 0096 00000000 		.4byte	0
 2120              	.LLST4:
 2121 009a 00000000 		.4byte	.LVL3
 2122 009e 00000000 		.4byte	.LVL4
 2123 00a2 0001     		.2byte	0x1
 2124 00a4 53       		.byte	0x53
 2125 00a5 00000000 		.4byte	.LVL4
 2126 00a9 00000000 		.4byte	.LVL10
 2127 00ad 0001     		.2byte	0x1
 2128 00af 6C       		.byte	0x6c
 2129 00b0 00000000 		.4byte	.LVL10
 2130 00b4 00000000 		.4byte	.LFE46
 2131 00b8 0004     		.2byte	0x4
 2132 00ba F3       		.byte	0xf3
 2133 00bb 01       		.uleb128 0x1
 2134 00bc 53       		.byte	0x53
 2135 00bd 9F       		.byte	0x9f
 2136 00be 00000000 		.4byte	0
 2137 00c2 00000000 		.4byte	0
 2138              	.LLST5:
 2139 00c6 00000000 		.4byte	.LVL3
 2140 00ca 00000000 		.4byte	.LVL4
 2141 00ce 0002     		.2byte	0x2
 2142 00d0 30       		.byte	0x30
 2143 00d1 9F       		.byte	0x9f
GAS LISTING C:\Users\thoma\AppData\Local\Temp\ccs0tVqC.s 			page 39


 2144 00d2 00000000 		.4byte	.LVL4
 2145 00d6 00000000 		.4byte	.LVL5
 2146 00da 0001     		.2byte	0x1
 2147 00dc 6F       		.byte	0x6f
 2148 00dd 00000000 		.4byte	.LVL5
 2149 00e1 00000000 		.4byte	.LVL6-1
 2150 00e5 0001     		.2byte	0x1
 2151 00e7 55       		.byte	0x55
 2152 00e8 00000000 		.4byte	.LVL6-1
 2153 00ec 00000000 		.4byte	.LVL6
 2154 00f0 0003     		.2byte	0x3
 2155 00f2 8F       		.byte	0x8f
 2156 00f3 7F       		.sleb128 -1
 2157 00f4 9F       		.byte	0x9f
 2158 00f5 00000000 		.4byte	.LVL6
 2159 00f9 00000000 		.4byte	.LVL8
 2160 00fd 0001     		.2byte	0x1
 2161 00ff 6F       		.byte	0x6f
 2162 0100 00000000 		.4byte	0
 2163 0104 00000000 		.4byte	0
 2164              		.section	.debug_aranges,"",@progbits
 2165 0000 00000024 		.4byte	0x24
 2166 0004 0002     		.2byte	0x2
 2167 0006 00000000 		.4byte	.Ldebug_info0
 2168 000a 04       		.byte	0x4
 2169 000b 00       		.byte	0
 2170 000c 0000     		.2byte	0
 2171 000e 0000     		.2byte	0
 2172 0010 00000000 		.4byte	.LFB47
 2173 0014 00000054 		.4byte	.LFE47-.LFB47
 2174 0018 00000000 		.4byte	.LFB46
 2175 001c 00000072 		.4byte	.LFE46-.LFB46
 2176 0020 00000000 		.4byte	0
 2177 0024 00000000 		.4byte	0
 2178              		.section	.debug_ranges,"",@progbits
 2179              	.Ldebug_ranges0:
 2180 0000 00000000 		.4byte	.LFB47
 2181 0004 00000000 		.4byte	.LFE47
 2182 0008 00000000 		.4byte	.LFB46
 2183 000c 00000000 		.4byte	.LFE46
 2184 0010 00000000 		.4byte	0
 2185 0014 00000000 		.4byte	0
 2186              		.section	.debug_line,"",@progbits
 2187              	.Ldebug_line0:
 2188 0000 000003D6 		.section	.debug_str,"MS",@progbits,1
 2188      00020000 
 2188      038F0201 
 2188      FB0E0D00 
 2188      01010101 
 2189              	.LASF52:
 2190 0000 70616464 		.string	"padding"
 2190      696E6700 
 2191              	.LASF41:
 2192 0008 705F6D73 		.string	"p_msg"
 2192      6700
 2193              	.LASF73:
 2194 000e 6D5F6E65 		.string	"m_next"
GAS LISTING C:\Users\thoma\AppData\Local\Temp\ccs0tVqC.s 			page 40


 2194      787400
 2195              	.LASF98:
 2196 0015 77615468 		.string	"waThreadGPS"
 2196      72656164 
 2196      47505300 
 2197              	.LASF3:
 2198 0021 73697A65 		.string	"size_t"
 2198      5F7400
 2199              	.LASF74:
 2200 0028 7264796D 		.string	"rdymsg"
 2200      736700
 2201              	.LASF4:
 2202 002f 5F5F7569 		.string	"__uint8_t"
 2202      6E74385F 
 2202      7400
 2203              	.LASF92:
 2204 0039 76615F6C 		.string	"va_list"
 2204      69737400 
 2205              	.LASF93:
 2206 0041 76746C69 		.string	"vtlist"
 2206      737400
 2207              	.LASF46:
 2208 0048 54687265 		.string	"ThreadsQueue"
 2208      61647351 
 2208      75657565 
 2208      00
 2209              	.LASF75:
 2210 0055 65786974 		.string	"exitcode"
 2210      636F6465 
 2210      00
 2211              	.LASF29:
 2212 005e 705F7072 		.string	"p_prio"
 2212      696F00
 2213              	.LASF11:
 2214 0065 6C6F6E67 		.string	"long long int"
 2214      206C6F6E 
 2214      6720696E 
 2214      7400
 2215              	.LASF2:
 2216 0073 7369676E 		.string	"signed char"
 2216      65642063 
 2216      68617200 
 2217              	.LASF106:
 2218 007f 63685468 		.string	"chThdExit"
 2218      64457869 
 2218      7400
 2219              	.LASF45:
 2220 0089 705F6D70 		.string	"p_mpool"
 2220      6F6F6C00 
 2221              	.LASF16:
 2222 0091 626F6F6C 		.string	"bool_t"
 2222      5F7400
 2223              	.LASF84:
 2224 0098 73635F6E 		.string	"sc_name"
 2224      616D6500 
 2225              	.LASF95:
 2226 00a0 7368656C 		.string	"shell_commands_car"
GAS LISTING C:\Users\thoma\AppData\Local\Temp\ccs0tVqC.s 			page 41


 2226      6C5F636F 
 2226      6D6D616E 
 2226      64735F63 
 2226      617200
 2227              	.LASF76:
 2228 00b3 77746F62 		.string	"wtobjp"
 2228      6A7000
 2229              	.LASF21:
 2230 00ba 74736C69 		.string	"tslices_t"
 2230      6365735F 
 2230      7400
 2231              	.LASF1:
 2232 00c4 6C6F6E67 		.string	"long int"
 2232      20696E74 
 2232      00
 2233              	.LASF86:
 2234 00cd 5368656C 		.string	"ShellCommand"
 2234      6C436F6D 
 2234      6D616E64 
 2234      00
 2235              	.LASF19:
 2236 00da 74737461 		.string	"tstate_t"
 2236      74655F74 
 2236      00
 2237              	.LASF50:
 2238 00e3 72656770 		.string	"regppc_t"
 2238      70635F74 
 2238      00
 2239              	.LASF12:
 2240 00ec 6C6F6E67 		.string	"long long unsigned int"
 2240      206C6F6E 
 2240      6720756E 
 2240      7369676E 
 2240      65642069 
 2241              	.LASF31:
 2242 0103 705F6E65 		.string	"p_newer"
 2242      77657200 
 2243              	.LASF89:
 2244 010b 72657365 		.string	"reserved"
 2244      72766564 
 2244      00
 2245              	.LASF57:
 2246 0114 76745F70 		.string	"vt_prev"
 2246      72657600 
 2247              	.LASF82:
 2248 011c 42617365 		.string	"BaseSequentialStream"
 2248      53657175 
 2248      656E7469 
 2248      616C5374 
 2248      7265616D 
 2249              	.LASF0:
 2250 0131 756E7369 		.string	"unsigned int"
 2250      676E6564 
 2250      20696E74 
 2250      00
 2251              	.LASF90:
 2252 013e 6F766572 		.string	"overflow_arg_area"
GAS LISTING C:\Users\thoma\AppData\Local\Temp\ccs0tVqC.s 			page 42


 2252      666C6F77 
 2252      5F617267 
 2252      5F617265 
 2252      6100
 2253              	.LASF56:
 2254 0150 76745F6E 		.string	"vt_next"
 2254      65787400 
 2255              	.LASF53:
 2256 0158 636F6E74 		.string	"context"
 2256      65787400 
 2257              	.LASF7:
 2258 0160 73686F72 		.string	"short unsigned int"
 2258      7420756E 
 2258      7369676E 
 2258      65642069 
 2258      6E7400
 2259              	.LASF23:
 2260 0173 6D73675F 		.string	"msg_t"
 2260      7400
 2261              	.LASF18:
 2262 0179 746D6F64 		.string	"tmode_t"
 2262      655F7400 
 2263              	.LASF47:
 2264 0181 54687265 		.string	"ThreadsList"
 2264      6164734C 
 2264      69737400 
 2265              	.LASF24:
 2266 018d 6576656E 		.string	"eventmask_t"
 2266      746D6173 
 2266      6B5F7400 
 2267              	.LASF6:
 2268 0199 73686F72 		.string	"short int"
 2268      7420696E 
 2268      7400
 2269              	.LASF70:
 2270 01a3 4D757465 		.string	"Mutex"
 2270      7800
 2271              	.LASF8:
 2272 01a9 5F5F696E 		.string	"__int32_t"
 2272      7433325F 
 2272      7400
 2273              	.LASF49:
 2274 01b3 73746B61 		.string	"stkalign_t"
 2274      6C69676E 
 2274      5F7400
 2275              	.LASF80:
 2276 01be 77726974 		.string	"write"
 2276      6500
 2277              	.LASF58:
 2278 01c4 76745F74 		.string	"vt_time"
 2278      696D6500 
 2279              	.LASF105:
 2280 01cc 54687265 		.string	"ThreadGPS"
 2280      61644750 
 2280      5300
 2281              	.LASF48:
 2282 01d6 73697A65 		.string	"sizetype"
GAS LISTING C:\Users\thoma\AppData\Local\Temp\ccs0tVqC.s 			page 43


 2282      74797065 
 2282      00
 2283              	.LASF59:
 2284 01df 76745F66 		.string	"vt_func"
 2284      756E6300 
 2285              	.LASF87:
 2286 01e7 5F5F676E 		.string	"__gnuc_va_list"
 2286      75635F76 
 2286      615F6C69 
 2286      737400
 2287              	.LASF62:
 2288 01f6 56544C69 		.string	"VTList"
 2288      737400
 2289              	.LASF65:
 2290 01fd 725F6374 		.string	"r_ctx"
 2290      7800
 2291              	.LASF66:
 2292 0203 725F6E65 		.string	"r_newer"
 2292      77657200 
 2293              	.LASF83:
 2294 020b 7368656C 		.string	"shellcmd_t"
 2294      6C636D64 
 2294      5F7400
 2295              	.LASF103:
 2296 0216 433A5C53 		.string	"C:\\SPC5Studio\\workspace\\ChibiOS-RT SPC560Dxx CARSIMU FW"
 2296      50433553 
 2296      74756469 
 2296      6F5C776F 
 2296      726B7370 
 2297              	.LASF68:
 2298 024e 725F6375 		.string	"r_current"
 2298      7272656E 
 2298      7400
 2299              	.LASF67:
 2300 0258 725F6F6C 		.string	"r_older"
 2300      64657200 
 2301              	.LASF20:
 2302 0260 74726566 		.string	"trefs_t"
 2302      735F7400 
 2303              	.LASF28:
 2304 0268 705F7072 		.string	"p_prev"
 2304      657600
 2305              	.LASF22:
 2306 026f 74707269 		.string	"tprio_t"
 2306      6F5F7400 
 2307              	.LASF17:
 2308 0277 5F426F6F 		.string	"_Bool"
 2308      6C00
 2309              	.LASF14:
 2310 027d 696E7433 		.string	"int32_t"
 2310      325F7400 
 2311              	.LASF5:
 2312 0285 756E7369 		.string	"unsigned char"
 2312      676E6564 
 2312      20636861 
 2312      7200
 2313              	.LASF71:
GAS LISTING C:\Users\thoma\AppData\Local\Temp\ccs0tVqC.s 			page 44


 2314 0293 6D5F7175 		.string	"m_queue"
 2314      65756500 
 2315              	.LASF43:
 2316 029b 705F6D74 		.string	"p_mtxlist"
 2316      786C6973 
 2316      7400
 2317              	.LASF34:
 2318 02a5 705F7374 		.string	"p_state"
 2318      61746500 
 2319              	.LASF37:
 2320 02ad 705F7072 		.string	"p_preempt"
 2320      65656D70 
 2320      7400
 2321              	.LASF96:
 2322 02b7 74706770 		.string	"tpgps"
 2322      7300
 2323              	.LASF64:
 2324 02bd 725F7072 		.string	"r_prio"
 2324      696F00
 2325              	.LASF77:
 2326 02c4 65776D61 		.string	"ewmask"
 2326      736B00
 2327              	.LASF27:
 2328 02cb 705F6E65 		.string	"p_next"
 2328      787400
 2329              	.LASF79:
 2330 02d2 42617365 		.string	"BaseSequentialStreamVMT"
 2330      53657175 
 2330      656E7469 
 2330      616C5374 
 2330      7265616D 
 2331              	.LASF35:
 2332 02ea 705F666C 		.string	"p_flags"
 2332      61677300 
 2333              	.LASF91:
 2334 02f2 7265675F 		.string	"reg_save_area"
 2334      73617665 
 2334      5F617265 
 2334      6100
 2335              	.LASF26:
 2336 0300 54687265 		.string	"Thread"
 2336      616400
 2337              	.LASF42:
 2338 0307 705F6570 		.string	"p_epending"
 2338      656E6469 
 2338      6E6700
 2339              	.LASF15:
 2340 0312 75696E74 		.string	"uint32_t"
 2340      33325F74 
 2340      00
 2341              	.LASF63:
 2342 031b 725F7175 		.string	"r_queue"
 2342      65756500 
 2343              	.LASF61:
 2344 0323 76745F73 		.string	"vt_systime"
 2344      79737469 
 2344      6D6500
GAS LISTING C:\Users\thoma\AppData\Local\Temp\ccs0tVqC.s 			page 45


 2345              	.LASF102:
 2346 032e 2E2F736F 		.string	"./source/shellbt.c"
 2346      75726365 
 2346      2F736865 
 2346      6C6C6274 
 2346      2E6300
 2347              	.LASF10:
 2348 0341 6C6F6E67 		.string	"long unsigned int"
 2348      20756E73 
 2348      69676E65 
 2348      6420696E 
 2348      7400
 2349              	.LASF78:
 2350 0353 63686172 		.string	"char"
 2350      00
 2351              	.LASF97:
 2352 0358 62477073 		.string	"bGpsRunning"
 2352      52756E6E 
 2352      696E6700 
 2353              	.LASF25:
 2354 0364 73797374 		.string	"systime_t"
 2354      696D655F 
 2354      7400
 2355              	.LASF44:
 2356 036e 705F7265 		.string	"p_realprio"
 2356      616C7072 
 2356      696F00
 2357              	.LASF54:
 2358 0379 76746675 		.string	"vtfunc_t"
 2358      6E635F74 
 2358      00
 2359              	.LASF9:
 2360 0382 5F5F7569 		.string	"__uint32_t"
 2360      6E743332 
 2360      5F7400
 2361              	.LASF32:
 2362 038d 705F6F6C 		.string	"p_older"
 2362      64657200 
 2363              	.LASF38:
 2364 0395 705F7469 		.string	"p_time"
 2364      6D6500
 2365              	.LASF51:
 2366 039c 696E7463 		.string	"intctx"
 2366      747800
 2367              	.LASF40:
 2368 03a3 705F6D73 		.string	"p_msgqueue"
 2368      67717565 
 2368      756500
 2369              	.LASF60:
 2370 03ae 76745F70 		.string	"vt_par"
 2370      617200
 2371              	.LASF100:
 2372 03b5 63685468 		.string	"chThdSleep"
 2372      64536C65 
 2372      657000
 2373              	.LASF33:
 2374 03c0 705F6E61 		.string	"p_name"
GAS LISTING C:\Users\thoma\AppData\Local\Temp\ccs0tVqC.s 			page 46


 2374      6D6500
 2375              	.LASF36:
 2376 03c7 705F7265 		.string	"p_refs"
 2376      667300
 2377              	.LASF69:
 2378 03ce 52656164 		.string	"ReadyList"
 2378      794C6973 
 2378      7400
 2379              	.LASF94:
 2380 03d8 726C6973 		.string	"rlist"
 2380      7400
 2381              	.LASF72:
 2382 03de 6D5F6F77 		.string	"m_owner"
 2382      6E657200 
 2383              	.LASF13:
 2384 03e6 75696E74 		.string	"uint8_t"
 2384      385F7400 
 2385              	.LASF99:
 2386 03ee 63687670 		.string	"chvprintf"
 2386      72696E74 
 2386      6600
 2387              	.LASF55:
 2388 03f8 56697274 		.string	"VirtualTimer"
 2388      75616C54 
 2388      696D6572 
 2388      00
 2389              	.LASF85:
 2390 0405 73635F66 		.string	"sc_function"
 2390      756E6374 
 2390      696F6E00 
 2391              	.LASF81:
 2392 0411 72656164 		.string	"read"
 2392      00
 2393              	.LASF101:
 2394 0416 47       		.ascii	"G"
 2395 0417 4E552043 		.string	"NU C 4.9.2 20141030 (Wed Jun 8 08:37:55 MSK 2016         build.sh rev= ELvle) -mcall-sysv
 2395      20342E39 
 2395      2E322032 
 2395      30313431 
 2395      30333020 
 2396              	.LASF30:
 2397 0518 705F6374 		.string	"p_ctx"
 2397      7800
 2398              	.LASF88:
 2399 051e 5F5F7661 		.string	"__va_list_tag"
 2399      5F6C6973 
 2399      745F7461 
 2399      6700
 2400              	.LASF39:
 2401 052c 705F7761 		.string	"p_waiting"
 2401      6974696E 
 2401      6700
 2402              	.LASF104:
 2403 0536 63687072 		.string	"chprintf"
 2403      696E7466 
 2403      00
 2404              		.ident	"GCC: (GNU) 4.9.2 20141030 (Wed Jun 8 08:37:55 MSK 2016         build.sh rev= ELvle)"
GAS LISTING C:\Users\thoma\AppData\Local\Temp\ccs0tVqC.s 			page 47


GAS LISTING C:\Users\thoma\AppData\Local\Temp\ccs0tVqC.s 			page 48


DEFINED SYMBOLS
                            *ABS*:00000000 shellbt.c
C:\Users\thoma\AppData\Local\Temp\ccs0tVqC.s:9      .text.chprintf.constprop.0:00000000 chprintf.constprop.0
C:\Users\thoma\AppData\Local\Temp\ccs0tVqC.s:66     .text.ThreadGPS:00000000 ThreadGPS
C:\Users\thoma\AppData\Local\Temp\ccs0tVqC.s:169    .rodata.shell_commands_car:00000000 shell_commands_car
C:\Users\thoma\AppData\Local\Temp\ccs0tVqC.s:227    .bss.waThreadGPS:00000000 waThreadGPS
C:\Users\thoma\AppData\Local\Temp\ccs0tVqC.s:163    .bss.bGpsRunning:00000000 bGpsRunning
C:\Users\thoma\AppData\Local\Temp\ccs0tVqC.s:233    .bss.tpgps:00000000 tpgps

UNDEFINED SYMBOLS
chvprintf
rlist
chThdSleep
chThdExit
startgps
stopgps
speed
drive
turn
blink
lightBlue
startdemo
stopdemo
